2022-08-10:16:39:22,101 INFO     [psi4.driver.task_planner:266] PLANNING Atomic:  keywords={'GEOM_MAXITER': 150, 'OPTKING__OPT_COORDINATES': 'CARTESIAN', 'REFERENCE': 'UHF', 'function_kwargs': {}}
2022-08-10:16:39:22,106 INFO     [psi4.driver.driver:617] Compute gradient(): method=b3lyp, basis=6-31g**, molecule=one, nre=1490.5698229165544
2022-08-10:16:44:31,607 INFO     [psi4.driver.driver:620] Return gradient(): -1182.9054865911994
2022-08-10:16:44:31,607 INFO     [psi4.driver.driver:621] [[-0.00202693  0.00547984 -0.00058333]
 [ 0.01022808  0.04740577 -0.00019926]
 [ 0.01865844 -0.00494174 -0.00081188]
 [-0.00339839  0.05847163  0.00656788]
 [ 0.02977856 -0.03039652  0.00228955]
 [-0.05055584  0.04568296 -0.00091322]
 [ 0.03949929 -0.04476994 -0.00877283]
 [-0.00511523  0.002417   -0.00090697]
 [ 0.00329111 -0.00498935 -0.01480683]
 [ 0.01312621 -0.01082321  0.00587513]
 [ 0.02573859  0.04933353 -0.00222111]
 [-0.01427957 -0.02271018 -0.01672865]
 [-0.00575039 -0.00017812  0.00920633]
 [-0.01541805 -0.03081149  0.0203042 ]
 [-0.0214032  -0.04556389 -0.00166065]
 [-0.00776969  0.01337863  0.00112632]
 [-0.01494527 -0.03658559  0.00203368]
 [-0.01026163  0.00249443 -0.00015512]
 [-0.00222619 -0.00237528  0.0004167 ]
 [ 0.00223577 -0.00297773 -0.00170801]
 [ 0.0023421  -0.00303185  0.00181276]
 [-0.00103922 -0.00177613  0.00032945]
 [ 0.00334781  0.00256917  0.00115252]
 [ 0.00217143 -0.00048397  0.00023662]
 [ 0.0006244  -0.00091172  0.0024882 ]
 [ 0.00134401  0.00057242 -0.00063705]
 [-0.00306251 -0.00061692  0.00052265]
 [-0.00786063  0.01184099 -0.00185337]
 [ 0.00184294  0.00141437 -0.00134266]
 [ 0.0008213   0.00283238 -0.00036103]
 [ 0.00534254 -0.00025391  0.00073159]
 [ 0.00483439  0.00018372 -0.00149053]]
2022-08-10:16:44:31,652 INFO     [psi4.driver.task_planner:266] PLANNING Atomic:  keywords={'CART_HESS_READ': 0, 'GEOM_MAXITER': 150, 'SCF__GUESS': 'READ', 'SCF__INTS_TOLERANCE': 1e-12, 'OPTKING__OPT_COORDINATES': 'CARTESIAN', 'REFERENCE': 'UHF', 'function_kwargs': {}}
2022-08-10:16:44:31,653 INFO     [psi4.driver.driver:617] Compute gradient(): method=b3lyp, basis=6-31g**, molecule=one, nre=1486.5703785643493
2022-08-10:16:48:35,60 INFO     [psi4.driver.driver:620] Return gradient(): -1182.9226386245882
2022-08-10:16:48:35,61 INFO     [psi4.driver.driver:621] [[-0.00131345  0.00135273 -0.00052314]
 [ 0.00424156  0.01941443  0.00104289]
 [ 0.00951672 -0.0080529   0.00070196]
 [-0.00742904  0.03376876  0.00100702]
 [ 0.02196091 -0.02169003 -0.00311159]
 [-0.03026756  0.01121681  0.01243106]
 [ 0.01641801 -0.01184955 -0.00692653]
 [ 0.0002977   0.002108   -0.00698499]
 [ 0.00520812  0.00003454 -0.00449236]
 [ 0.00283551 -0.00093388  0.00330909]
 [ 0.0167593   0.0360649  -0.00010742]
 [-0.01037499 -0.01680147 -0.00536697]
 [-0.00016874 -0.00667637  0.00643661]
 [-0.01108842 -0.021173    0.00758655]
 [-0.00676127 -0.01854198  0.00074019]
 [-0.00207488  0.00756208 -0.00103555]
 [-0.00450698 -0.01604768 -0.0002374 ]
 [-0.00459256  0.00277904  0.00042619]
 [-0.00021677 -0.00072357  0.00017922]
 [ 0.00081201 -0.00100263 -0.0006043 ]
 [ 0.0007873  -0.00097697  0.00073587]
 [-0.00088526  0.00039071  0.00065716]
 [ 0.00114664  0.00193731  0.00045649]
 [-0.00052465 -0.00193971 -0.00108808]
 [-0.00116128  0.00021606  0.00095997]
 [-0.00102587  0.00038591 -0.00076027]
 [ 0.0005915   0.00025323 -0.00027516]
 [-0.0039002   0.00786139 -0.00366048]
 [ 0.00101508 -0.00054762 -0.00091833]
 [ 0.00067043  0.00103052 -0.00024149]
 [ 0.00206598  0.00038748  0.00030082]
 [ 0.0021011   0.0001673  -0.00072744]]
2022-08-10:16:48:35,91 INFO     [psi4.driver.task_planner:266] PLANNING Atomic:  keywords={'CART_HESS_READ': 0, 'GEOM_MAXITER': 150, 'SCF__GUESS': 'READ', 'SCF__INTS_TOLERANCE': 1e-12, 'OPTKING__OPT_COORDINATES': 'CARTESIAN', 'REFERENCE': 'UHF', 'function_kwargs': {}}
2022-08-10:16:48:35,93 INFO     [psi4.driver.driver:617] Compute gradient(): method=b3lyp, basis=6-31g**, molecule=one, nre=1482.7415281331105
2022-08-10:16:52:28,737 INFO     [psi4.driver.driver:620] Return gradient(): -1182.9304419270852
2022-08-10:16:52:28,737 INFO     [psi4.driver.driver:621] [[ 0.00022073 -0.00213231  0.00179265]
 [-0.00053548 -0.00772829 -0.00269946]
 [-0.0004072  -0.00460893 -0.00094204]
 [-0.00300951 -0.00218562  0.00484396]
 [ 0.01135197 -0.00242335  0.0013719 ]
 [-0.00573289 -0.01029199 -0.0197972 ]
 [-0.00713575  0.01871293  0.01177857]
 [ 0.00285325 -0.00371018  0.00453   ]
 [-0.00070879 -0.00022073  0.00255145]
 [-0.00415649  0.00508513 -0.00004496]
 [ 0.00490233  0.01528421  0.00213571]
 [-0.0043615  -0.00785691  0.00913139]
 [-0.00141934 -0.00955786  0.00731682]
 [-0.00436504 -0.00565428 -0.00916243]
 [ 0.00397782  0.00637139 -0.00310351]
 [ 0.00173159 -0.00142724 -0.0009134 ]
 [ 0.00358286  0.0046033   0.00109632]
 [ 0.00208549  0.00163243 -0.0003342 ]
 [ 0.00151222  0.00088997 -0.00001776]
 [-0.00006236  0.00084972  0.00015981]
 [-0.00091403  0.00092156 -0.00025608]
 [-0.00018643  0.00203151  0.00047464]
 [-0.00154755 -0.00120245 -0.00043282]
 [ 0.00025565  0.00140746  0.00052273]
 [-0.00151776 -0.00054662 -0.00025757]
 [-0.00117127 -0.00030537 -0.00000184]
 [ 0.00228347  0.00043362 -0.00054202]
 [ 0.00397485  0.00330611 -0.00819506]
 [-0.00002553 -0.00151872 -0.00065391]
 [ 0.00029977 -0.00077235 -0.00020748]
 [-0.00090595  0.00044114 -0.00001795]
 [-0.0007646   0.00038513 -0.00012904]]
2022-08-10:16:52:28,770 INFO     [psi4.driver.task_planner:266] PLANNING Atomic:  keywords={'CART_HESS_READ': 0, 'GEOM_MAXITER': 150, 'SCF__GUESS': 'READ', 'SCF__INTS_TOLERANCE': 1e-12, 'OPTKING__OPT_COORDINATES': 'CARTESIAN', 'REFERENCE': 'UHF', 'function_kwargs': {}}
2022-08-10:16:52:28,772 INFO     [psi4.driver.driver:617] Compute gradient(): method=b3lyp, basis=6-31g**, molecule=one, nre=1476.9847300029269
2022-08-10:16:56:13,720 INFO     [psi4.driver.driver:620] Return gradient(): -1182.9338123773282
2022-08-10:16:56:13,720 INFO     [psi4.driver.driver:621] [[ 0.00075838 -0.00136162 -0.00025936]
 [-0.00184655 -0.00770447  0.00126804]
 [ 0.00001378 -0.00048838  0.00131264]
 [-0.00252052 -0.00804184 -0.00445883]
 [ 0.00291853  0.00501552 -0.00041996]
 [-0.00737223 -0.00257021  0.00487878]
 [ 0.00105915 -0.00032035 -0.00242728]
 [ 0.00311893  0.0015082  -0.00189087]
 [-0.00239721 -0.00028624  0.00227598]
 [-0.00083938  0.00309056 -0.00064153]
 [-0.00019472  0.0107073  -0.00125875]
 [ 0.00094808 -0.00193728  0.01573325]
 [-0.00212824 -0.00735061  0.00615306]
 [-0.00203006 -0.00325515 -0.01164358]
 [ 0.00384851  0.00630142  0.00267826]
 [-0.00095905 -0.0020311  -0.00039552]
 [ 0.00385754  0.00664869 -0.0011748 ]
 [ 0.00147604 -0.00018495 -0.00000163]
 [ 0.00056275  0.00046739  0.00013826]
 [-0.00041875  0.00054555  0.00012962]
 [ 0.0000196   0.00049895 -0.00020504]
 [-0.00020218  0.00067823  0.00026197]
 [-0.00094539 -0.00021837 -0.0002338 ]
 [-0.00049757  0.00038374 -0.00024499]
 [-0.00032539  0.00048854 -0.00017007]
 [ 0.00023169 -0.00055073  0.000251  ]
 [-0.00021254 -0.00024362 -0.00016812]
 [ 0.00490845  0.0009608  -0.00850888]
 [ 0.00012878 -0.00024565 -0.00076844]
 [ 0.00026827 -0.00059962 -0.00018126]
 [-0.000678    0.00024885 -0.00009286]
 [-0.00059571  0.00012318 -0.00010804]]
2022-08-10:16:56:13,755 INFO     [psi4.driver.task_planner:266] PLANNING Atomic:  keywords={'CART_HESS_READ': 0, 'GEOM_MAXITER': 150, 'SCF__GUESS': 'READ', 'OPTKING__INTRAFRAG_STEP_LIMIT': 1.0, 'SCF__INTS_TOLERANCE': 1e-12, 'OPTKING__OPT_COORDINATES': 'CARTESIAN', 'REFERENCE': 'UHF', 'function_kwargs': {}}
2022-08-10:16:56:13,756 INFO     [psi4.driver.driver:617] Compute gradient(): method=b3lyp, basis=6-31g**, molecule=one, nre=1472.6253569607977
2022-08-10:17:00:13,118 INFO     [psi4.driver.driver:620] Return gradient(): -1182.9304043105085
2022-08-10:17:00:13,119 INFO     [psi4.driver.driver:621] [[ 0.00182763  0.00059235 -0.00246659]
 [-0.00454308 -0.00738838  0.00495555]
 [-0.00160185  0.00875603  0.00168973]
 [ 0.00318325 -0.02074125 -0.00748354]
 [-0.00923334  0.01774382 -0.00256699]
 [-0.00523301  0.014588    0.03230581]
 [ 0.00936632 -0.02868895 -0.02064919]
 [ 0.00138991  0.00784153 -0.00418604]
 [-0.00259616 -0.00127836 -0.00071369]
 [ 0.00296479 -0.00358592  0.00123914]
 [-0.00666866 -0.01571786  0.0131514 ]
 [-0.00131774 -0.0028182   0.00809415]
 [-0.02461931 -0.00791031  0.01695443]
 [ 0.01008786  0.02631097 -0.02575441]
 [ 0.00260105  0.00673243  0.00369084]
 [-0.00347466 -0.00325037  0.0007279 ]
 [ 0.00261333  0.0099762  -0.00333599]
 [ 0.00132606 -0.00398503  0.00027791]
 [-0.00096754 -0.00052699  0.00025464]
 [-0.00020328 -0.00059127  0.0003672 ]
 [ 0.0013539  -0.00037704  0.00004027]
 [ 0.00029331 -0.00231116 -0.00001056]
 [ 0.00033385  0.00074801 -0.00085244]
 [-0.00119018 -0.00206747 -0.00100048]
 [ 0.00112787  0.00161611  0.00019408]
 [ 0.00103337  0.00288507  0.00137467]
 [-0.00187258 -0.00047679 -0.00134244]
 [ 0.0229242   0.00224195 -0.01424976]
 [ 0.00028078  0.00209996 -0.00014346]
 [ 0.0001972  -0.00008213 -0.00004426]
 [ 0.00043381 -0.00022299 -0.0005522 ]
 [-0.00006165 -0.00023775 -0.00006703]]
2022-08-10:17:00:13,147 INFO     [psi4.driver.task_planner:266] PLANNING Atomic:  keywords={'CART_HESS_READ': 0, 'GEOM_MAXITER': 150, 'SCF__GUESS': 'READ', 'OPTKING__INTRAFRAG_STEP_LIMIT': 1.0, 'SCF__INTS_TOLERANCE': 1e-12, 'OPTKING__OPT_COORDINATES': 'CARTESIAN', 'REFERENCE': 'UHF', 'function_kwargs': {}}
2022-08-10:17:00:13,148 INFO     [psi4.driver.driver:617] Compute gradient(): method=b3lyp, basis=6-31g**, molecule=one, nre=1474.7342274086884
2022-08-10:17:03:56,232 INFO     [psi4.driver.driver:620] Return gradient(): -1182.9355029326657
2022-08-10:17:03:56,232 INFO     [psi4.driver.driver:621] [[ 0.00081435  0.00013372 -0.0003027 ]
 [-0.00258999 -0.00421463  0.00050091]
 [-0.00008426  0.00266132  0.00095663]
 [-0.00125102 -0.00737397 -0.0028179 ]
 [-0.0004534   0.00457618 -0.00033222]
 [-0.00210513 -0.00016895  0.0058174 ]
 [ 0.00167935 -0.00425504 -0.00350856]
 [ 0.00100962  0.00188131 -0.00063927]
 [-0.00211785 -0.00056401 -0.00008215]
 [ 0.00142262  0.00039297 -0.00006432]
 [-0.00094152  0.00143006  0.01076129]
 [-0.00132919 -0.00500896  0.00485591]
 [ 0.00773624 -0.00634111  0.0000492 ]
 [ 0.00248753  0.00756055 -0.01531512]
 [ 0.00219015  0.00313296  0.00179459]
 [-0.00245343 -0.00130054 -0.00054341]
 [ 0.00276797  0.00512054  0.00017651]
 [ 0.00018714 -0.00154069 -0.00048965]
 [-0.00038644 -0.0000966   0.00024907]
 [-0.00023958 -0.00002833  0.00006796]
 [ 0.0001902  -0.00000584  0.00001943]
 [-0.00000688 -0.00055852  0.00017561]
 [-0.00026409  0.00021928 -0.00023316]
 [-0.0001023   0.00001769 -0.00031731]
 [ 0.00070609  0.00017519 -0.00049098]
 [ 0.00037958  0.00020761  0.00080003]
 [-0.0011809   0.00040482 -0.0004749 ]
 [-0.00614385  0.00215326 -0.00007555]
 [ 0.00032611  0.00116328  0.00014813]
 [ 0.000079    0.00005506 -0.00025954]
 [-0.0001147  -0.00003052 -0.00019247]
 [-0.00024316  0.00004277 -0.00011248]]
2022-08-10:17:03:56,260 INFO     [psi4.driver.task_planner:266] PLANNING Atomic:  keywords={'CART_HESS_READ': 0, 'GEOM_MAXITER': 150, 'SCF__GUESS': 'READ', 'OPTKING__INTRAFRAG_STEP_LIMIT': 1.0, 'SCF__INTS_TOLERANCE': 1e-12, 'OPTKING__OPT_COORDINATES': 'CARTESIAN', 'REFERENCE': 'UHF', 'function_kwargs': {}}
2022-08-10:17:03:56,262 INFO     [psi4.driver.driver:617] Compute gradient(): method=b3lyp, basis=6-31g**, molecule=one, nre=1477.1445458759656
2022-08-10:17:07:39,147 INFO     [psi4.driver.driver:620] Return gradient(): -1182.9354932355818
2022-08-10:17:07:39,147 INFO     [psi4.driver.driver:621] [[ 0.00034257  0.00022764  0.00007754]
 [-0.00147517 -0.00244198  0.00005656]
 [-0.00012357  0.00105369  0.00027437]
 [-0.00088379 -0.00287375  0.00072308]
 [ 0.00060286  0.00055194  0.00069851]
 [ 0.00235806 -0.00641733 -0.00398327]
 [-0.00273236  0.00571077  0.0027355 ]
 [-0.00014258 -0.00021963  0.00054826]
 [ 0.00008773 -0.00014497 -0.0003314 ]
 [-0.00133356  0.00009444 -0.00320294]
 [-0.00248932 -0.00254185  0.00979551]
 [-0.00127458 -0.00329362  0.00522939]
 [-0.02281774  0.00218716  0.01500548]
 [ 0.00453572  0.00374432 -0.01202708]
 [ 0.00117992  0.00075669 -0.00070841]
 [-0.00186827 -0.000319   -0.00006418]
 [ 0.00221656  0.00246643  0.00030153]
 [-0.00003067 -0.00056929 -0.00000339]
 [-0.00023713  0.0000048   0.0001774 ]
 [-0.00027254  0.00001622 -0.00000982]
 [-0.00018361  0.0000771   0.00006721]
 [ 0.00010115 -0.00003433  0.00004605]
 [ 0.00057073  0.00054359 -0.00022503]
 [ 0.00058283  0.00024543  0.00032336]
 [ 0.00078752 -0.0005107  -0.00031234]
 [ 0.00103125  0.00015429 -0.00021607]
 [-0.00094918  0.0011199  -0.00000273]
 [ 0.0231099  -0.00061895 -0.01485571]
 [-0.00006227  0.00072631  0.00072184]
 [-0.00013608  0.00024224 -0.0003274 ]
 [-0.00019216 -0.00001735 -0.00017081]
 [-0.0003997  -0.0000331  -0.00039549]]
2022-08-10:17:07:39,188 INFO     [psi4.driver.task_planner:266] PLANNING Atomic:  keywords={'CART_HESS_READ': 0, 'GEOM_MAXITER': 150, 'SCF__GUESS': 'READ', 'OPTKING__INTRAFRAG_STEP_LIMIT': 1.0, 'SCF__INTS_TOLERANCE': 1e-12, 'OPTKING__OPT_COORDINATES': 'CARTESIAN', 'REFERENCE': 'UHF', 'function_kwargs': {}}
2022-08-10:17:07:39,189 INFO     [psi4.driver.driver:617] Compute gradient(): method=b3lyp, basis=6-31g**, molecule=one, nre=1489.056106303768
2022-08-10:17:11:10,135 INFO     [psi4.driver.driver:620] Return gradient(): -1182.8580408917314
2022-08-10:17:11:10,135 INFO     [psi4.driver.driver:621] [[-0.00699789 -0.00269409  0.00258881]
 [ 0.02830631  0.04517173  0.00555361]
 [-0.00126397 -0.02786668 -0.01368031]
 [ 0.01519296  0.06909867  0.02582363]
 [-0.00608039 -0.04451353  0.00119474]
 [ 0.0306424   0.00723793 -0.0440788 ]
 [-0.01915515  0.03064341  0.02472205]
 [-0.01646643 -0.02812198  0.00807311]
 [ 0.02192127  0.00646227  0.00807314]
 [-0.01582077 -0.00114958 -0.00960802]
 [ 0.04648511  0.04648458 -0.073455  ]
 [ 0.00334515  0.01670966 -0.03454264]
 [-0.10827277  0.06639158  0.00927594]
 [-0.05441716 -0.11536438  0.11826861]
 [-0.02012275 -0.03023192 -0.02350816]
 [ 0.0221234   0.02530916  0.01674621]
 [-0.02792575 -0.05456844 -0.01655743]
 [-0.00150924  0.01603032  0.00599122]
 [ 0.00030385  0.00085339 -0.00059998]
 [ 0.00134507 -0.00046149  0.00019355]
 [-0.0006536   0.00072521  0.0003427 ]
 [-0.00007392  0.00476003  0.00107683]
 [ 0.0038655  -0.00011616  0.00046835]
 [ 0.00472593  0.004884    0.00459013]
 [-0.00441983 -0.00348448  0.00012134]
 [ 0.00321339  0.00140185 -0.00142845]
 [ 0.00885224  0.00344779  0.00088709]
 [ 0.10247511 -0.01801    -0.01258204]
 [-0.00784715 -0.01699916 -0.00289904]
 [-0.00375459 -0.00045668 -0.0003143 ]
 [-0.00001294  0.00124399 -0.00072245]
 [ 0.00187243 -0.00265081 -0.00015543]]
2022-08-10:17:11:10,164 INFO     [psi4.driver.task_planner:266] PLANNING Atomic:  keywords={'CART_HESS_READ': 0, 'GEOM_MAXITER': 150, 'SCF__GUESS': 'READ', 'OPTKING__INTRAFRAG_STEP_LIMIT': 1.0, 'SCF__INTS_TOLERANCE': 1e-12, 'OPTKING__OPT_COORDINATES': 'CARTESIAN', 'REFERENCE': 'UHF', 'function_kwargs': {}}
2022-08-10:17:11:10,165 INFO     [psi4.driver.driver:617] Compute gradient(): method=b3lyp, basis=6-31g**, molecule=one, nre=1479.9223612947208
2022-08-10:17:15:14,829 INFO     [psi4.driver.driver:620] Return gradient(): -1182.9303811689097
2022-08-10:17:15:14,830 INFO     [psi4.driver.driver:621] [[-0.0016266  -0.00025969  0.00099416]
 [ 0.00458615  0.00229541  0.00028742]
 [-0.00262814 -0.00293628 -0.00284855]
 [ 0.00564741  0.00651581  0.00646901]
 [-0.00803866 -0.0038103   0.00203311]
 [ 0.01431511 -0.00102826 -0.01663513]
 [-0.0082207   0.01236734  0.01025541]
 [-0.00332643 -0.00656467  0.00179495]
 [ 0.00498653  0.00282418  0.0036041 ]
 [-0.00748273  0.00135379 -0.00418735]
 [-0.00786394 -0.01824885 -0.00017857]
 [ 0.00401447  0.00983723 -0.00443514]
 [-0.05254684  0.01855711  0.01386722]
 [ 0.00182205 -0.00582709  0.01050328]
 [-0.00141636  0.00015948 -0.00589021]
 [ 0.007857   -0.0004216   0.00375208]
 [-0.00490987 -0.00736133 -0.00411205]
 [ 0.00031987  0.00309427  0.00103078]
 [ 0.001139    0.00057341 -0.00011767]
 [ 0.00050392 -0.00020226  0.00024744]
 [-0.00075856  0.00049082  0.00041096]
 [ 0.00026805  0.00124969  0.00005799]
 [ 0.00035305 -0.00116956  0.00047826]
 [ 0.00105412  0.00047741  0.00086234]
 [-0.0024952  -0.00132162  0.00123541]
 [ 0.00100955  0.00072613 -0.00060962]
 [ 0.00390517  0.0013243  -0.0001737 ]
 [ 0.05284427 -0.00761677 -0.01766131]
 [-0.00186818 -0.00411332 -0.00096048]
 [-0.00123792 -0.00036566 -0.00021413]
 [-0.00060574  0.00049655  0.00016085]
 [ 0.00032599 -0.00090874 -0.00012872]]
2022-08-10:17:15:14,859 INFO     [psi4.driver.task_planner:266] PLANNING Atomic:  keywords={'CART_HESS_READ': 0, 'GEOM_MAXITER': 150, 'SCF__GUESS': 'READ', 'OPTKING__INTRAFRAG_STEP_LIMIT': 1.0, 'SCF__INTS_TOLERANCE': 1e-12, 'OPTKING__OPT_COORDINATES': 'CARTESIAN', 'REFERENCE': 'UHF', 'function_kwargs': {}}
2022-08-10:17:15:14,860 INFO     [psi4.driver.driver:617] Compute gradient(): method=b3lyp, basis=6-31g**, molecule=one, nre=1478.1179341757515
2022-08-10:17:18:59,895 INFO     [psi4.driver.driver:620] Return gradient(): -1182.9377808140976
2022-08-10:17:18:59,895 INFO     [psi4.driver.driver:621] [[-0.0003558  -0.0001288   0.00029674]
 [ 0.0009276  -0.00002862  0.00033504]
 [-0.00067065 -0.00052098 -0.0007859 ]
 [ 0.00164644  0.00063527  0.00180267]
 [-0.00384154  0.00014543  0.00044802]
 [ 0.00454816  0.00091762 -0.003101  ]
 [-0.00212144  0.00175437  0.00220147]
 [-0.000451   -0.00127082 -0.00065894]
 [ 0.00101859  0.00099981  0.00151568]
 [-0.00205142  0.00089119 -0.00211095]
 [-0.00192256 -0.00327053  0.00339158]
 [ 0.00080891  0.00210376 -0.00041775]
 [-0.00445703  0.00489781  0.00283642]
 [ 0.00026452 -0.00464284  0.00217397]
 [ 0.00000924  0.00051984 -0.00171404]
 [ 0.00179413 -0.00053258  0.00103341]
 [-0.00082798 -0.00145536 -0.00128009]
 [ 0.00015589  0.00078218  0.00031303]
 [ 0.0003821   0.00011613  0.00008393]
 [ 0.00005208 -0.00006946  0.00005458]
 [-0.00023417  0.00018719  0.00018508]
 [ 0.00006702  0.00024858  0.00009747]
 [ 0.00011298 -0.00031912  0.0001432 ]
 [ 0.00018652 -0.00018329 -0.00013406]
 [-0.00082457 -0.00019455  0.0003798 ]
 [ 0.00040332  0.00029101 -0.00022962]
 [ 0.00097583  0.00070068 -0.00021314]
 [ 0.00541937 -0.00090503 -0.00583311]
 [-0.0005678  -0.00121119 -0.00037838]
 [-0.0004133  -0.00013083 -0.00023076]
 [-0.00025739  0.00012677  0.00002323]
 [ 0.0000542  -0.00044134 -0.00021957]]
2022-08-10:17:18:59,924 INFO     [psi4.driver.task_planner:266] PLANNING Atomic:  keywords={'CART_HESS_READ': 0, 'GEOM_MAXITER': 150, 'SCF__GUESS': 'READ', 'OPTKING__INTRAFRAG_STEP_LIMIT': 1.0, 'SCF__INTS_TOLERANCE': 1e-12, 'OPTKING__OPT_COORDINATES': 'CARTESIAN', 'REFERENCE': 'UHF', 'function_kwargs': {}}
2022-08-10:17:18:59,925 INFO     [psi4.driver.driver:617] Compute gradient(): method=b3lyp, basis=6-31g**, molecule=one, nre=1476.301830325636
2022-08-10:17:22:27,789 INFO     [psi4.driver.driver:620] Return gradient(): -1182.9384063284042
2022-08-10:17:22:27,789 INFO     [psi4.driver.driver:621] [[ 0.00070139 -0.00003486  0.00153559]
 [-0.00128636 -0.0015166  -0.00279505]
 [-0.00070555 -0.00042277  0.0002847 ]
 [ 0.00014502 -0.00110688 -0.00209638]
 [-0.00277791 -0.00023789 -0.00008903]
 [ 0.00255212 -0.00008306  0.0020743 ]
 [-0.00038756  0.00035746 -0.00037854]
 [ 0.00043939  0.00028317 -0.0014631 ]
 [-0.00020178 -0.00035808 -0.00094558]
 [ 0.00051921  0.00084814 -0.00018173]
 [-0.00286738 -0.00113386  0.00331421]
 [ 0.00048169  0.00132738  0.00092206]
 [-0.00119689  0.00136863  0.00157895]
 [ 0.00156471 -0.0015264  -0.00091757]
 [ 0.00110138  0.00099012  0.00236494]
 [-0.00048418 -0.00155713 -0.00200811]
 [ 0.00035725  0.00130372  0.00314495]
 [ 0.00045425  0.00031344 -0.00116617]
 [-0.00033482 -0.00118222  0.00028907]
 [-0.00053055  0.00074505 -0.00125119]
 [-0.00006902  0.00012927  0.00047541]
 [-0.00031723 -0.00099244  0.00053625]
 [-0.00023857 -0.00009885  0.0001159 ]
 [-0.00009225 -0.00037708  0.00031583]
 [-0.00031504  0.0000868   0.00027749]
 [ 0.00038619 -0.00005152  0.00017706]
 [ 0.00006796  0.00016849 -0.00025362]
 [ 0.00226594 -0.00035603 -0.00425701]
 [ 0.0010848   0.002413    0.00038276]
 [ 0.00025961  0.00086252 -0.00035918]
 [-0.0006494  -0.00010005  0.0009666 ]
 [-0.0000342   0.00000782 -0.00049953]]
2022-08-10:17:22:27,823 INFO     [psi4.driver.task_planner:266] PLANNING Atomic:  keywords={'CART_HESS_READ': 0, 'GEOM_MAXITER': 150, 'SCF__GUESS': 'READ', 'OPTKING__INTRAFRAG_STEP_LIMIT': 1.0, 'SCF__INTS_TOLERANCE': 1e-12, 'OPTKING__OPT_COORDINATES': 'CARTESIAN', 'REFERENCE': 'UHF', 'function_kwargs': {}}
2022-08-10:17:22:27,824 INFO     [psi4.driver.driver:617] Compute gradient(): method=b3lyp, basis=6-31g**, molecule=one, nre=1475.858701930363
2022-08-10:17:26:06,814 INFO     [psi4.driver.driver:620] Return gradient(): -1182.9374119712302
2022-08-10:17:26:06,815 INFO     [psi4.driver.driver:621] [[-0.00050287  0.00058623 -0.00505564]
 [ 0.00069369  0.00079612  0.00934157]
 [ 0.00062211  0.00433403  0.00317887]
 [-0.00147118 -0.00173831 -0.00412166]
 [ 0.00305726  0.00180036 -0.00117453]
 [-0.00293012 -0.00297658  0.00845392]
 [ 0.00311941 -0.00335781 -0.00484578]
 [ 0.00071626  0.00326151 -0.00199856]
 [-0.00569212 -0.0051932  -0.00379294]
 [ 0.00675231 -0.00010838  0.00487061]
 [ 0.00393698 -0.00238674  0.00435909]
 [-0.00249797 -0.00061537 -0.0004124 ]
 [-0.00767378 -0.00510678  0.00460905]
 [ 0.00324025  0.00917055 -0.00738727]
 [-0.00235882 -0.0013884   0.00149202]
 [-0.00313205  0.00007269 -0.00057093]
 [ 0.00186803  0.00162775 -0.00626006]
 [-0.00065292 -0.00215772  0.00341902]
 [-0.00037417  0.00132024 -0.00008584]
 [-0.00020913 -0.00127316  0.00205457]
 [ 0.00076274 -0.00028305 -0.00037858]
 [ 0.00082375  0.00073592 -0.00144989]
 [-0.00068972  0.0003666  -0.00103215]
 [-0.00054376 -0.00008284  0.00146353]
 [ 0.00308718  0.00308965  0.0005489 ]
 [ 0.00016164  0.00045127  0.00123461]
 [-0.00248581 -0.00193524 -0.00084135]
 [ 0.00368031  0.00194683 -0.00350426]
 [-0.00065705 -0.00043892  0.00075943]
 [ 0.00018594 -0.00163021  0.00044537]
 [ 0.00096902  0.00042984 -0.00180466]
 [-0.00197989  0.00069765 -0.00135084]]
2022-08-10:17:26:06,843 INFO     [psi4.driver.task_planner:266] PLANNING Atomic:  keywords={'CART_HESS_READ': 0, 'GEOM_MAXITER': 150, 'SCF__GUESS': 'READ', 'OPTKING__INTRAFRAG_STEP_LIMIT': 1.0, 'SCF__INTS_TOLERANCE': 1e-12, 'OPTKING__OPT_COORDINATES': 'CARTESIAN', 'REFERENCE': 'UHF', 'function_kwargs': {}}
2022-08-10:17:26:06,845 INFO     [psi4.driver.driver:617] Compute gradient(): method=b3lyp, basis=6-31g**, molecule=one, nre=1477.4627752041947
2022-08-10:17:29:24,926 INFO     [psi4.driver.driver:620] Return gradient(): -1182.938950357794
2022-08-10:17:29:24,926 INFO     [psi4.driver.driver:621] [[-0.00050058  0.000048   -0.00087014]
 [ 0.00063881  0.00000686  0.00035253]
 [-0.00007274  0.00088092  0.00026588]
 [ 0.00006907 -0.0002046   0.00075065]
 [ 0.00020189  0.00118659 -0.00088936]
 [-0.00042196 -0.00165873  0.00231576]
 [ 0.00080317 -0.00039393 -0.00132102]
 [ 0.00030703  0.00111346 -0.00070121]
 [-0.00129714 -0.00232909 -0.00059049]
 [ 0.00198975  0.00038282  0.00098919]
 [-0.00055535 -0.00191739  0.00273979]
 [-0.00048573  0.00124004  0.00040483]
 [-0.00146224 -0.00230113  0.00171015]
 [ 0.00165637  0.00262194 -0.00204862]
 [-0.00116755 -0.00051103 -0.00079673]
 [-0.00014262  0.0003197  -0.00005517]
 [ 0.00010312  0.00015006  0.00031986]
 [-0.00017021 -0.00016573  0.00091661]
 [ 0.0000572   0.00074154  0.00007245]
 [ 0.00030311 -0.00054387  0.00097857]
 [ 0.00007111 -0.00009385 -0.00034999]
 [ 0.0005097   0.00093531  0.0001808 ]
 [-0.0003038   0.0000774  -0.00044214]
 [-0.00024973  0.00003661  0.00070482]
 [ 0.00087507  0.00161752  0.00108977]
 [ 0.00001192  0.00067542  0.00041633]
 [-0.00062428 -0.00088467 -0.00142035]
 [ 0.00093272  0.00061526 -0.00286582]
 [-0.00081852 -0.00117278 -0.00034983]
 [-0.00021576 -0.00068834 -0.00007368]
 [ 0.00045117 -0.00000205 -0.00093156]
 [-0.0006546   0.00028808 -0.00040764]]
2022-08-10:17:29:24,960 INFO     [psi4.driver.task_planner:266] PLANNING Atomic:  keywords={'CART_HESS_READ': 0, 'GEOM_MAXITER': 150, 'SCF__GUESS': 'READ', 'OPTKING__INTRAFRAG_STEP_LIMIT': 1.0, 'SCF__INTS_TOLERANCE': 1e-12, 'OPTKING__OPT_COORDINATES': 'CARTESIAN', 'REFERENCE': 'UHF', 'function_kwargs': {}}
2022-08-10:17:29:24,962 INFO     [psi4.driver.driver:617] Compute gradient(): method=b3lyp, basis=6-31g**, molecule=one, nre=1480.5906600052144
2022-08-10:17:32:53,509 INFO     [psi4.driver.driver:620] Return gradient(): -1182.9389145252844
2022-08-10:17:32:53,510 INFO     [psi4.driver.driver:621] [[-0.0000407  -0.00023568 -0.00005728]
 [-0.00032224 -0.00178552 -0.00006257]
 [-0.00055783  0.00110027  0.00081451]
 [ 0.00068204 -0.00306447 -0.00146795]
 [-0.00156323  0.00301166  0.00017591]
 [-0.00034807  0.00111039  0.00191741]
 [ 0.00103022 -0.0025903  -0.00183858]
 [ 0.0002225   0.00123636 -0.00033166]
 [-0.00181779 -0.00102301  0.00048385]
 [ 0.00097902  0.00080388  0.00029199]
 [ 0.00790345 -0.00149247 -0.00175153]
 [-0.0013389   0.00181671 -0.0009042 ]
 [-0.00616527 -0.0018757   0.00264403]
 [-0.00125755 -0.00065249  0.00301072]
 [-0.00065222  0.00055746  0.00189983]
 [-0.00003264 -0.00055354 -0.00025486]
 [ 0.00021916  0.00121311 -0.00061095]
 [ 0.00039693 -0.00015713  0.00020359]
 [-0.00007093  0.00016973  0.00011174]
 [ 0.0001392  -0.00014547  0.00025268]
 [ 0.00010708 -0.00004108 -0.00021268]
 [-0.00004152 -0.00012977  0.00003619]
 [ 0.00002369 -0.00010314 -0.00068833]
 [-0.00009069  0.00031208 -0.00006997]
 [ 0.0009253   0.00139429  0.00142085]
 [-0.0000914   0.00130321  0.00004817]
 [-0.00062107 -0.00200047 -0.00160506]
 [ 0.00256561  0.00173003 -0.0028082 ]
 [-0.00004346  0.00025004 -0.00023217]
 [-0.00007047 -0.00006892 -0.00013986]
 [-0.00013258 -0.00002273 -0.00010944]
 [-0.00018005  0.00003603 -0.00005647]]
2022-08-10:17:32:53,539 INFO     [psi4.driver.task_planner:266] PLANNING Atomic:  keywords={'CART_HESS_READ': 0, 'GEOM_MAXITER': 150, 'SCF__GUESS': 'READ', 'OPTKING__INTRAFRAG_STEP_LIMIT': 1.0, 'SCF__INTS_TOLERANCE': 1e-12, 'OPTKING__OPT_COORDINATES': 'CARTESIAN', 'REFERENCE': 'UHF', 'function_kwargs': {}}
2022-08-10:17:32:53,540 INFO     [psi4.driver.driver:617] Compute gradient(): method=b3lyp, basis=6-31g**, molecule=one, nre=1479.721368073143
2022-08-10:17:35:53,943 INFO     [psi4.driver.driver:620] Return gradient(): -1182.9392350142207
2022-08-10:17:35:53,944 INFO     [psi4.driver.driver:621] [[-0.00006279  0.00007625  0.00026369]
 [ 0.00012724 -0.00079947 -0.00000753]
 [-0.00030873 -0.00008287  0.00013176]
 [ 0.00045641 -0.0007016   0.00011023]
 [-0.00071993  0.00103742 -0.00006307]
 [-0.00055075  0.00069365  0.00100435]
 [ 0.00110046 -0.00144999 -0.00109653]
 [ 0.00003635  0.00028535  0.00024408]
 [-0.00064748 -0.00176986  0.00010261]
 [ 0.00070944  0.00104797 -0.0004812 ]
 [ 0.00367495 -0.00093475 -0.00035276]
 [-0.00109524  0.00099211 -0.001088  ]
 [-0.00271542 -0.00152451  0.00204712]
 [-0.00038345 -0.00030178  0.00192777]
 [-0.00064256 -0.00020095 -0.00011006]
 [ 0.0000925  -0.00007156 -0.0004576 ]
 [ 0.00027321  0.00028626  0.0003169 ]
 [ 0.00053003  0.00068426  0.00067655]
 [-0.00010277 -0.00018636  0.00007503]
 [-0.00015475  0.00014042 -0.00017719]
 [ 0.00007136 -0.00002372 -0.00021077]
 [ 0.00015939  0.00025336  0.00018741]
 [ 0.00017238 -0.00012042 -0.0003687 ]
 [-0.00014124  0.0000626   0.00066226]
 [ 0.0005521   0.00162414  0.00144918]
 [ 0.0000287   0.00075175  0.00002378]
 [-0.00029195 -0.00099427 -0.00138771]
 [ 0.0010441   0.00122578 -0.00236691]
 [-0.00029287 -0.00002704 -0.0000251 ]
 [-0.00026746 -0.00016374 -0.00007837]
 [-0.00006832  0.0000557  -0.00000807]
 [-0.0007866   0.0002133  -0.00081019]]
2022-08-10:17:35:53,979 INFO     [psi4.driver.task_planner:266] PLANNING Atomic:  keywords={'CART_HESS_READ': 0, 'GEOM_MAXITER': 150, 'SCF__GUESS': 'READ', 'OPTKING__INTRAFRAG_STEP_LIMIT': 0.25, 'SCF__INTS_TOLERANCE': 1e-12, 'OPTKING__OPT_COORDINATES': 'CARTESIAN', 'REFERENCE': 'UHF', 'function_kwargs': {}}
2022-08-10:17:35:53,981 INFO     [psi4.driver.driver:617] Compute gradient(): method=b3lyp, basis=6-31g**, molecule=one, nre=1480.0763477184885
2022-08-10:17:38:51,796 INFO     [psi4.driver.driver:620] Return gradient(): -1182.939420477328
2022-08-10:17:38:51,796 INFO     [psi4.driver.driver:621] [[-0.00000386  0.00007613  0.00044733]
 [-0.00019672 -0.00042866 -0.00084616]
 [-0.00005995 -0.00015159  0.0000979 ]
 [ 0.00009295  0.00003342  0.00023566]
 [ 0.00007689  0.00004179 -0.00001637]
 [-0.00065728 -0.00075633  0.00036683]
 [ 0.0005991   0.00038537 -0.00041686]
 [ 0.00038636  0.00009683 -0.00004593]
 [-0.00028596 -0.00133513  0.00009908]
 [ 0.00054142  0.00075717 -0.0004416 ]
 [-0.00011473 -0.00034783 -0.00030554]
 [-0.0001296   0.00072495 -0.00026108]
 [-0.00059246 -0.00164346  0.00174514]
 [ 0.0003739   0.00006533  0.00120366]
 [-0.00028405 -0.00022901 -0.00038313]
 [-0.00005845  0.00057633  0.00028584]
 [ 0.00013655  0.00062237  0.00087304]
 [-0.00026758  0.00016129 -0.00029333]
 [ 0.00000319 -0.00010599  0.00005105]
 [-0.00003094  0.00005963 -0.00015084]
 [-0.00006689  0.00004756 -0.00005575]
 [ 0.00007047  0.0001419   0.00016379]
 [-0.00003509  0.00008309 -0.00002649]
 [-0.00010725  0.00013025  0.00034928]
 [ 0.00024529  0.00096472  0.00087459]
 [-0.00002447  0.00025843  0.00020162]
 [-0.00029856 -0.00032913 -0.00092351]
 [ 0.00078655  0.00049323 -0.00219814]
 [-0.00027855 -0.00018461 -0.00032334]
 [-0.00001346 -0.00003406 -0.00008609]
 [ 0.00004034 -0.00005921 -0.00008631]
 [-0.00002056 -0.00003141  0.0000184 ]]
2022-08-10:17:38:51,832 INFO     [psi4.driver.task_planner:266] PLANNING Atomic:  keywords={'CART_HESS_READ': 0, 'GEOM_MAXITER': 150, 'SCF__GUESS': 'READ', 'OPTKING__INTRAFRAG_STEP_LIMIT': 0.25, 'SCF__INTS_TOLERANCE': 1e-12, 'OPTKING__OPT_COORDINATES': 'CARTESIAN', 'REFERENCE': 'UHF', 'function_kwargs': {}}
2022-08-10:17:38:51,834 INFO     [psi4.driver.driver:617] Compute gradient(): method=b3lyp, basis=6-31g**, molecule=one, nre=1480.3183485675963
2022-08-10:17:41:42,179 INFO     [psi4.driver.driver:620] Return gradient(): -1182.9395642055242
2022-08-10:17:41:42,179 INFO     [psi4.driver.driver:621] [[ 0.00003752 -0.00003424  0.00014113]
 [-0.00020948 -0.0002455  -0.00029438]
 [ 0.00009099 -0.00001161 -0.00029994]
 [-0.00025484 -0.00006817  0.00045337]
 [ 0.00035058  0.00013531 -0.00002782]
 [-0.00084462 -0.00077633  0.00048009]
 [ 0.00051486  0.00025327 -0.0004597 ]
 [ 0.0003123   0.00032146 -0.000132  ]
 [-0.00004868 -0.00045387  0.00016652]
 [ 0.00050525  0.00002298  0.00031207]
 [-0.00291704 -0.00011964 -0.00087164]
 [ 0.00091396  0.00072064  0.00096613]
 [-0.00008509 -0.00142606  0.00176782]
 [ 0.0010537   0.00064646  0.00035188]
 [ 0.00002696  0.00023587 -0.00002635]
 [-0.00036504 -0.00043558 -0.0006295 ]
 [ 0.00042162  0.00024108  0.00031818]
 [-0.0002467  -0.00005259 -0.0001003 ]
 [ 0.00006782  0.00012294  0.00002942]
 [ 0.0000678  -0.00012404  0.00006461]
 [-0.00008345  0.00005606 -0.00000279]
 [ 0.0000931   0.00022269  0.00023979]
 [-0.00022948  0.00017036  0.00014282]
 [-0.00007811  0.00015209 -0.00012507]
 [-0.00003877  0.00010904 -0.0000078 ]
 [ 0.00007754  0.00015095  0.00009383]
 [-0.00032968  0.00003853 -0.00036604]
 [ 0.00101549 -0.00007454 -0.00212189]
 [ 0.0001287   0.00026845  0.00025501]
 [ 0.00002074 -0.00000127 -0.00004666]
 [-0.00000951  0.00002428 -0.00000784]
 [-0.00011467  0.00002221 -0.00009081]]
2022-08-10:17:41:42,215 INFO     [psi4.driver.task_planner:266] PLANNING Atomic:  keywords={'CART_HESS_READ': 0, 'GEOM_MAXITER': 150, 'SCF__GUESS': 'READ', 'OPTKING__INTRAFRAG_STEP_LIMIT': 0.25, 'SCF__INTS_TOLERANCE': 1e-12, 'OPTKING__OPT_COORDINATES': 'CARTESIAN', 'REFERENCE': 'UHF', 'function_kwargs': {}}
2022-08-10:17:41:42,216 INFO     [psi4.driver.driver:617] Compute gradient(): method=b3lyp, basis=6-31g**, molecule=one, nre=1480.4419963823398
2022-08-10:17:44:31,777 INFO     [psi4.driver.driver:620] Return gradient(): -1182.939685737519
2022-08-10:17:44:31,777 INFO     [psi4.driver.driver:621] [[ 0.00022291 -0.00010713 -0.00019268]
 [-0.00019324  0.00014117  0.00006237]
 [ 0.00044877  0.00014087  0.00029777]
 [-0.00065901  0.00002525 -0.00085464]
 [ 0.00053472  0.00002432  0.00025074]
 [-0.00087795 -0.00008468  0.00064423]
 [ 0.00054175 -0.00049561 -0.00061125]
 [ 0.00007355  0.00052927  0.00009878]
 [ 0.00012046 -0.00011912 -0.00002562]
 [ 0.00060712 -0.00056761  0.00102499]
 [-0.00366002 -0.00014613 -0.00138268]
 [ 0.00126814  0.00047567  0.00169075]
 [-0.00128174 -0.00084402  0.00218296]
 [ 0.0013009   0.00114287 -0.00037167]
 [ 0.00031726  0.00015787  0.00018347]
 [-0.00027261  0.00024316  0.00011584]
 [ 0.0002325   0.00024231  0.00061046]
 [-0.00015901 -0.00028911 -0.0002113 ]
 [-0.00013008 -0.00011494  0.00004958]
 [-0.00008023  0.00001107 -0.00011788]
 [ 0.00002351  0.0000343   0.00007987]
 [-0.00003731 -0.00007297  0.00007678]
 [-0.00019712  0.00009981  0.0001289 ]
 [-0.0000657   0.00008775 -0.00026303]
 [ 0.00000263 -0.00030494 -0.00049002]
 [ 0.00015309  0.00027826 -0.00016445]
 [-0.00024169  0.00013617  0.00001993]
 [ 0.00187301 -0.00032786 -0.00213078]
 [-0.00008104 -0.00026219 -0.00032333]
 [ 0.00001576  0.00000582 -0.00006832]
 [ 0.00009142 -0.00000576 -0.00016133]
 [-0.0000326   0.00004246  0.00004842]]
2022-08-10:17:44:31,813 INFO     [psi4.driver.task_planner:266] PLANNING Atomic:  keywords={'CART_HESS_READ': 0, 'GEOM_MAXITER': 150, 'SCF__GUESS': 'READ', 'OPTKING__INTRAFRAG_STEP_LIMIT': 0.25, 'SCF__INTS_TOLERANCE': 1e-12, 'OPTKING__OPT_COORDINATES': 'CARTESIAN', 'REFERENCE': 'UHF', 'function_kwargs': {}}
2022-08-10:17:44:31,814 INFO     [psi4.driver.driver:617] Compute gradient(): method=b3lyp, basis=6-31g**, molecule=one, nre=1480.3437890289638
2022-08-10:17:47:37,578 INFO     [psi4.driver.driver:620] Return gradient(): -1182.9398016225273
2022-08-10:17:47:37,578 INFO     [psi4.driver.driver:621] [[ 0.00017637 -0.00009426  0.00012125]
 [-0.00004723  0.00006997 -0.00023083]
 [ 0.00048842  0.0003054   0.00041098]
 [-0.00052486  0.0001104   0.00006436]
 [ 0.00047056  0.00004435 -0.00005926]
 [-0.00083853  0.0002866   0.00081806]
 [ 0.00051491 -0.00092634 -0.00066434]
 [ 0.00004727  0.00066059 -0.00005997]
 [ 0.00007479  0.00020916 -0.000428  ]
 [ 0.00078911 -0.00080252  0.00124079]
 [-0.00312784 -0.00061715 -0.00199376]
 [ 0.00131317  0.00036802  0.00222008]
 [-0.00114477 -0.00034064  0.00192035]
 [ 0.00105848  0.00117717 -0.00061631]
 [ 0.00008212  0.00009236  0.00027405]
 [-0.00039172 -0.00009328  0.00010723]
 [ 0.00000724 -0.00033926 -0.00041285]
 [ 0.00001381 -0.00014763  0.00000267]
 [-0.0000515  -0.0000557   0.00004638]
 [-0.00005275  0.00000172 -0.00008661]
 [-0.00006166  0.00007086  0.00007938]
 [-0.0001635  -0.00022894 -0.00021226]
 [-0.0000283   0.00004157  0.00000893]
 [-0.00012783  0.00002779 -0.00009854]
 [ 0.00007973 -0.00029117 -0.00038753]
 [-0.00000121  0.00039504 -0.00022128]
 [-0.00005196 -0.00001355  0.00001867]
 [ 0.00128283 -0.00023044 -0.00160968]
 [ 0.00013693  0.00009442 -0.00000826]
 [ 0.00006414  0.00021889 -0.00005269]
 [-0.0000709   0.00003475  0.00009645]
 [-0.00002416  0.00002501 -0.00005919]]
2022-08-10:17:47:37,614 INFO     [psi4.driver.task_planner:266] PLANNING Atomic:  keywords={'CART_HESS_READ': 0, 'GEOM_MAXITER': 150, 'SCF__GUESS': 'READ', 'OPTKING__INTRAFRAG_STEP_LIMIT': 0.25, 'SCF__INTS_TOLERANCE': 1e-12, 'OPTKING__OPT_COORDINATES': 'CARTESIAN', 'REFERENCE': 'UHF', 'function_kwargs': {}}
2022-08-10:17:47:37,616 INFO     [psi4.driver.driver:617] Compute gradient(): method=b3lyp, basis=6-31g**, molecule=one, nre=1480.2204084788066
2022-08-10:17:50:46,97 INFO     [psi4.driver.driver:620] Return gradient(): -1182.93990631131
2022-08-10:17:50:46,98 INFO     [psi4.driver.driver:621] [[ 0.00018571  0.00009904 -0.00034722]
 [ 0.00000126  0.00037621  0.00071532]
 [ 0.00013503 -0.00031296 -0.00043719]
 [-0.00002905 -0.00014218 -0.00007923]
 [ 0.00006977  0.00009444 -0.00004898]
 [-0.00036762  0.00097624  0.00028316]
 [ 0.0002131  -0.00094917 -0.00025074]
 [ 0.00006825  0.00043514 -0.00006596]
 [ 0.00013367  0.00069838 -0.00031842]
 [ 0.00013489 -0.00055352  0.00104235]
 [-0.00149006 -0.00142294 -0.00246728]
 [ 0.00110394  0.00037361  0.00237965]
 [-0.00094049  0.00036757  0.0014011 ]
 [ 0.00043969  0.00076429 -0.00036638]
 [ 0.0001463   0.00001768  0.00013364]
 [-0.00021704 -0.0004793  -0.00058365]
 [-0.00037119 -0.00000912  0.00018886]
 [-0.00007457 -0.0001506  -0.00023695]
 [-0.00010744 -0.00029841  0.00004165]
 [-0.0001784   0.00014336 -0.0002208 ]
 [ 0.00002715  0.00006299  0.00017079]
 [ 0.00012848  0.00018136  0.00023947]
 [ 0.00019355 -0.00006663 -0.00005188]
 [-0.00007369 -0.00003284  0.00000258]
 [-0.00013658 -0.0005148  -0.00026492]
 [-0.00023267  0.00011857 -0.00000316]
 [ 0.00023171 -0.00000907  0.00015245]
 [ 0.00065771 -0.00008179 -0.0010181 ]
 [ 0.00021068  0.00043023  0.0002828 ]
 [ 0.00002994 -0.0000338  -0.00007767]
 [ 0.00000224 -0.00001277 -0.00005067]
 [ 0.00004745 -0.0000296   0.00011063]]
2022-08-10:17:50:46,134 INFO     [psi4.driver.task_planner:266] PLANNING Atomic:  keywords={'CART_HESS_READ': 0, 'GEOM_MAXITER': 150, 'SCF__GUESS': 'READ', 'OPTKING__INTRAFRAG_STEP_LIMIT': 0.25, 'SCF__INTS_TOLERANCE': 1e-12, 'OPTKING__OPT_COORDINATES': 'CARTESIAN', 'REFERENCE': 'UHF', 'function_kwargs': {}}
2022-08-10:17:50:46,135 INFO     [psi4.driver.driver:617] Compute gradient(): method=b3lyp, basis=6-31g**, molecule=one, nre=1479.7022963292327
2022-08-10:17:53:44,548 INFO     [psi4.driver.driver:620] Return gradient(): -1182.9399802583157
2022-08-10:17:53:44,549 INFO     [psi4.driver.driver:621] [[-0.0000932   0.00008272 -0.00010788]
 [ 0.00006954 -0.00003601 -0.00010357]
 [-0.00007785  0.00000027  0.00028452]
 [ 0.00018437 -0.00025438 -0.0002833 ]
 [-0.00007835  0.00013495 -0.00004274]
 [-0.00008941  0.00056319  0.00011896]
 [ 0.00009058 -0.00056523 -0.00001535]
 [-0.000173    0.00013854 -0.00005547]
 [ 0.00025357  0.00024407 -0.00054878]
 [-0.00022009  0.00011161  0.00037357]
 [-0.00028746 -0.00100083 -0.00214067]
 [ 0.00061486  0.00015391  0.00181042]
 [-0.00131564  0.00060801  0.00109143]
 [ 0.0000312   0.0003378   0.00003273]
 [-0.00001179 -0.00012934  0.00012121]
 [ 0.00036541 -0.000017    0.00025133]
 [-0.00022954 -0.00038104 -0.00030865]
 [ 0.00018424  0.00023902  0.00026852]
 [ 0.00009799  0.00006285  0.00001767]
 [-0.00002547 -0.00009437  0.00007304]
 [-0.00004885  0.00004014  0.00002375]
 [ 0.00007468  0.00004625 -0.0000516 ]
 [ 0.00023327 -0.00002235 -0.00008024]
 [-0.00002879 -0.00013031  0.00037164]
 [ 0.00007903  0.00014023  0.00013543]
 [-0.00015601 -0.00010005  0.00002307]
 [ 0.00012432 -0.00011689  0.00012796]
 [ 0.00106273 -0.0002028  -0.00083909]
 [-0.00014805 -0.0000952  -0.00013324]
 [ 0.00000545  0.00010965 -0.00001759]
 [-0.00017577  0.00006923  0.00028159]
 [-0.00035111  0.00011752 -0.00043763]]
2022-08-10:17:53:44,589 INFO     [psi4.driver.task_planner:266] PLANNING Atomic:  keywords={'CART_HESS_READ': 0, 'GEOM_MAXITER': 150, 'SCF__GUESS': 'READ', 'OPTKING__INTRAFRAG_STEP_LIMIT': 0.0625, 'SCF__INTS_TOLERANCE': 1e-12, 'OPTKING__OPT_COORDINATES': 'CARTESIAN', 'REFERENCE': 'UHF', 'function_kwargs': {}}
2022-08-10:17:53:44,591 INFO     [psi4.driver.driver:617] Compute gradient(): method=b3lyp, basis=6-31g**, molecule=one, nre=1479.6105590506909
2022-08-10:17:56:42,27 INFO     [psi4.driver.driver:620] Return gradient(): -1182.9400133333402
2022-08-10:17:56:42,27 INFO     [psi4.driver.driver:621] [[-0.0000427  -0.00001153  0.00007363]
 [-0.00001837 -0.00022462 -0.00018562]
 [-0.00021737  0.00033026  0.00026181]
 [ 0.00029278 -0.00047049  0.00007245]
 [-0.00017011  0.0002762  -0.00013807]
 [ 0.00019588 -0.00041354  0.00006887]
 [-0.00022245  0.00052336  0.00023958]
 [-0.0000166  -0.00000769 -0.0001564 ]
 [ 0.00008041  0.00010518 -0.00033731]
 [-0.00063889  0.00033895 -0.00030113]
 [ 0.00045835 -0.0001161  -0.00198173]
 [ 0.00032606  0.00007195  0.00123998]
 [-0.00026341  0.00028858  0.0004946 ]
 [-0.00028643 -0.00031235  0.00069437]
 [-0.00007178  0.00017382  0.00002784]
 [ 0.00030914 -0.00009209  0.00008064]
 [-0.00012008  0.00030333  0.00005116]
 [-0.00004716 -0.00002063 -0.00010704]
 [ 0.00000705 -0.00002156  0.00000282]
 [ 0.00003099 -0.00005036  0.0000044 ]
 [-0.00000828 -0.00000219 -0.00004919]
 [-0.00004555 -0.00015497 -0.00015994]
 [ 0.00003469  0.00001273  0.00003079]
 [ 0.00000637 -0.00015774  0.00020714]
 [ 0.00001691  0.00021644  0.0001997 ]
 [ 0.00012016 -0.00045677  0.00013458]
 [ 0.00014416  0.00014553  0.00030628]
 [ 0.00013747 -0.00007592 -0.00049775]
 [-0.00010183 -0.00003058 -0.00004895]
 [ 0.00001896 -0.0000125  -0.00001428]
 [ 0.00002131 -0.00001149 -0.00002144]
 [ 0.00003895 -0.00007938  0.00003797]]
2022-08-10:17:56:42,65 INFO     [psi4.driver.task_planner:266] PLANNING Atomic:  keywords={'CART_HESS_READ': 0, 'GEOM_MAXITER': 150, 'SCF__GUESS': 'READ', 'OPTKING__INTRAFRAG_STEP_LIMIT': 0.1875, 'SCF__INTS_TOLERANCE': 1e-12, 'OPTKING__OPT_COORDINATES': 'CARTESIAN', 'REFERENCE': 'UHF', 'function_kwargs': {}}
2022-08-10:17:56:42,66 INFO     [psi4.driver.driver:617] Compute gradient(): method=b3lyp, basis=6-31g**, molecule=one, nre=1479.1642041160349
2022-08-10:17:59:49,42 INFO     [psi4.driver.driver:620] Return gradient(): -1182.940063833581
2022-08-10:17:59:49,43 INFO     [psi4.driver.driver:621] [[ 0.00009788 -0.0000333   0.00020984]
 [-0.0001699  -0.0004669   0.00004712]
 [-0.00030443  0.00014887 -0.00018042]
 [ 0.00017736 -0.00080023 -0.00002693]
 [-0.00014861  0.00036749 -0.0000685 ]
 [ 0.0001129  -0.00019596  0.0000978 ]
 [-0.00010906  0.00022102  0.0002248 ]
 [ 0.00025806  0.00011358 -0.00028372]
 [-0.00015969 -0.00008169  0.00007921]
 [-0.00068321  0.00009639 -0.00048243]
 [ 0.00065425  0.00091512 -0.00133123]
 [ 0.00009025 -0.00004632  0.00066579]
 [ 0.00017774 -0.00021655 -0.00005943]
 [-0.00042836 -0.00058314  0.00095016]
 [ 0.00005781  0.00045496  0.00003698]
 [-0.00003905 -0.00017894 -0.00001503]
 [ 0.00025307  0.00052477  0.00005664]
 [-0.00001393 -0.00005333  0.00000259]
 [-0.00002945 -0.00013701 -0.00003304]
 [-0.00009775  0.00013396 -0.00020829]
 [ 0.00000636  0.0000392  -0.00002656]
 [ 0.00012717  0.00009683  0.00013368]
 [-0.00008196  0.00001373  0.00015052]
 [ 0.00001584 -0.00000846 -0.00013137]
 [-0.00006925  0.00000737  0.00007695]
 [ 0.00021519 -0.00048758  0.00015999]
 [ 0.00007119  0.00036984  0.00049945]
 [ 0.00003873 -0.00019233 -0.00031028]
 [-0.00001971  0.00011549  0.00002341]
 [-0.00002392 -0.00001599  0.00001089]
 [ 0.00003856 -0.00000229 -0.00004269]
 [-0.00004853 -0.00003898 -0.00004304]]
2022-08-10:17:59:49,72 INFO     [psi4.driver.task_planner:266] PLANNING Atomic:  keywords={'CART_HESS_READ': 0, 'GEOM_MAXITER': 150, 'SCF__GUESS': 'READ', 'OPTKING__INTRAFRAG_STEP_LIMIT': 0.5625, 'SCF__INTS_TOLERANCE': 1e-12, 'OPTKING__OPT_COORDINATES': 'CARTESIAN', 'REFERENCE': 'UHF', 'function_kwargs': {}}
2022-08-10:17:59:49,74 INFO     [psi4.driver.driver:617] Compute gradient(): method=b3lyp, basis=6-31g**, molecule=one, nre=1478.0585154456885
2022-08-10:18:03:03,142 INFO     [psi4.driver.driver:620] Return gradient(): -1182.94014110616
2022-08-10:18:03:03,143 INFO     [psi4.driver.driver:621] [[-0.00007496 -0.0001096   0.00019181]
 [-0.00033962 -0.00064977  0.00013523]
 [-0.00006963  0.0002372   0.000225  ]
 [-0.00011808 -0.00130082 -0.00036871]
 [-0.00012784  0.0003374  -0.00002997]
 [-0.00018408  0.00070533  0.00030462]
 [ 0.00022361 -0.00082958  0.00003162]
 [-0.00005182  0.00042038 -0.00017096]
 [ 0.00001083 -0.00044107  0.00025318]
 [-0.00035707 -0.00030273 -0.00021469]
 [-0.00005743  0.00193896 -0.00033572]
 [ 0.00029492  0.00020617  0.00080802]
 [ 0.0006401  -0.00128057 -0.00094097]
 [-0.00043318 -0.00034521  0.00062102]
 [ 0.00032176  0.00075833  0.00017715]
 [-0.00025769 -0.0002134  -0.00029479]
 [ 0.00049659  0.00104604  0.00011055]
 [-0.00003166 -0.00010789  0.0003144 ]
 [ 0.00007178  0.00009683 -0.00007065]
 [-0.00018914  0.00010071 -0.00012563]
 [-0.00003442  0.00008949 -0.00006283]
 [ 0.00001486 -0.00011084 -0.00006738]
 [ 0.00024789 -0.00004338  0.00007788]
 [-0.00001575  0.00009456 -0.00031014]
 [ 0.00001823  0.00003117 -0.00002899]
 [-0.00002801  0.00017488 -0.00012957]
 [-0.00018106  0.00011392  0.00037519]
 [ 0.00021089 -0.0005945  -0.00011997]
 [ 0.00005893  0.00016023  0.00011822]
 [-0.00005198 -0.00016687  0.00007187]
 [ 0.00019697  0.0000097  -0.00033627]
 [-0.00024012  0.00001243 -0.00014206]]
2022-08-10:18:03:03,181 INFO     [psi4.driver.task_planner:266] PLANNING Atomic:  keywords={'CART_HESS_READ': 0, 'GEOM_MAXITER': 150, 'SCF__GUESS': 'READ', 'OPTKING__INTRAFRAG_STEP_LIMIT': 0.140625, 'SCF__INTS_TOLERANCE': 1e-12, 'OPTKING__OPT_COORDINATES': 'CARTESIAN', 'REFERENCE': 'UHF', 'function_kwargs': {}}
2022-08-10:18:03:03,182 INFO     [psi4.driver.driver:617] Compute gradient(): method=b3lyp, basis=6-31g**, molecule=one, nre=1478.179407316693
2022-08-10:18:06:01,805 INFO     [psi4.driver.driver:620] Return gradient(): -1182.9401898563478
2022-08-10:18:06:01,805 INFO     [psi4.driver.driver:621] [[ 0.00001978 -0.00018824 -0.00004975]
 [-0.00038574 -0.00074595  0.00014059]
 [ 0.00000294  0.00016924 -0.00001753]
 [-0.00035533 -0.00094828 -0.00041125]
 [ 0.00006024  0.00026243 -0.00008341]
 [ 0.00008689 -0.00043199  0.00045734]
 [-0.00014608  0.00045326  0.00017258]
 [-0.00012771  0.00030279 -0.00009888]
 [-0.00004641 -0.0002417   0.00020753]
 [-0.00020064 -0.00028016 -0.00022424]
 [ 0.00003145  0.00218968 -0.00015968]
 [ 0.00019185  0.00016964  0.00067882]
 [ 0.0010233  -0.00136467 -0.00126711]
 [-0.00050196 -0.00057222  0.00074728]
 [ 0.00044343  0.00072618  0.00034644]
 [-0.00052294 -0.00015362 -0.00007402]
 [ 0.00068718  0.00079662 -0.00013007]
 [ 0.00002752 -0.00016856  0.00009374]
 [ 0.00006341  0.00017663 -0.00000626]
 [-0.00003327 -0.00002868 -0.00001745]
 [-0.00000582  0.00003025  0.00000329]
 [ 0.00001832 -0.00000503  0.00012062]
 [ 0.00000316 -0.00001471  0.00005126]
 [ 0.00002529  0.00000438 -0.00034827]
 [-0.00007622 -0.00015245 -0.00018724]
 [ 0.00006902  0.00021797 -0.00012419]
 [-0.00010084  0.00006219  0.00023701]
 [-0.0004717  -0.00042371  0.00008419]
 [ 0.00014189  0.00015465 -0.00000925]
 [ 0.0000215   0.00005445  0.0000143 ]
 [ 0.00003965 -0.00004042 -0.00009402]
 [-0.00001696 -0.00000435 -0.00000667]]
2022-08-10:18:06:01,844 INFO     [psi4.driver.task_planner:266] PLANNING Atomic:  keywords={'CART_HESS_READ': 0, 'GEOM_MAXITER': 150, 'SCF__GUESS': 'READ', 'OPTKING__INTRAFRAG_STEP_LIMIT': 0.140625, 'SCF__INTS_TOLERANCE': 1e-12, 'OPTKING__OPT_COORDINATES': 'CARTESIAN', 'REFERENCE': 'UHF', 'function_kwargs': {}}
2022-08-10:18:06:01,846 INFO     [psi4.driver.driver:617] Compute gradient(): method=b3lyp, basis=6-31g**, molecule=one, nre=1478.4426563691159
2022-08-10:18:09:08,530 INFO     [psi4.driver.driver:620] Return gradient(): -1182.9402467769287
2022-08-10:18:09:08,531 INFO     [psi4.driver.driver:621] [[ 0.00028401 -0.00009729 -0.00023381]
 [-0.00028352 -0.00053387 -0.00004283]
 [ 0.00034254  0.00019102 -0.00015824]
 [-0.00074883  0.00011932  0.00002443]
 [ 0.00034935  0.00014028 -0.00015226]
 [-0.00015894 -0.00045924  0.00075825]
 [-0.00004565  0.00023443 -0.00011726]
 [-0.00003876  0.00010304 -0.00006116]
 [-0.00032037  0.00008101  0.00029107]
 [ 0.00053059 -0.00008806  0.00007749]
 [-0.00014299  0.00160429 -0.00030931]
 [ 0.00012177  0.00006541  0.00072147]
 [-0.00018272 -0.00075262 -0.00114244]
 [-0.00033586 -0.00054264  0.00057835]
 [ 0.00041559  0.00025444  0.00027525]
 [-0.0007624  -0.00009762 -0.00008573]
 [ 0.00060143  0.00052281  0.00008099]
 [-0.00002521 -0.00029975 -0.00039122]
 [-0.0000776  -0.00000617  0.00007633]
 [ 0.00017337 -0.00009813  0.00004308]
 [ 0.00003196 -0.00005905  0.00006774]
 [-0.00013036 -0.00004928  0.00013076]
 [-0.00034207  0.00005218 -0.00001294]
 [ 0.00004886 -0.00000644 -0.00004938]
 [-0.00001514 -0.00004661 -0.00015582]
 [ 0.00006357  0.00036986 -0.00011058]
 [-0.00004768 -0.00037976 -0.00040362]
 [ 0.00015614 -0.00029805  0.0000849 ]
 [ 0.00024256  0.00012243 -0.00005053]
 [ 0.0000258   0.00005305 -0.00012029]
 [-0.00011366 -0.00008102  0.00002923]
 [ 0.00036537 -0.00004343  0.00040118]]
2022-08-10:18:09:08,570 INFO     [psi4.driver.task_planner:266] PLANNING Atomic:  keywords={'CART_HESS_READ': 0, 'GEOM_MAXITER': 150, 'SCF__GUESS': 'READ', 'OPTKING__INTRAFRAG_STEP_LIMIT': 0.140625, 'SCF__INTS_TOLERANCE': 1e-12, 'OPTKING__OPT_COORDINATES': 'CARTESIAN', 'REFERENCE': 'UHF', 'function_kwargs': {}}
2022-08-10:18:09:08,572 INFO     [psi4.driver.driver:617] Compute gradient(): method=b3lyp, basis=6-31g**, molecule=one, nre=1478.47006281152
2022-08-10:18:12:15,671 INFO     [psi4.driver.driver:620] Return gradient(): -1182.940295720311
2022-08-10:18:12:15,672 INFO     [psi4.driver.driver:621] [[ 0.00029345  0.00009204 -0.00030816]
 [-0.00018023 -0.0003424  -0.00000544]
 [ 0.00062482  0.00010712  0.00012818]
 [-0.00070866  0.00049987 -0.00012924]
 [ 0.00051153  0.000084    0.00002185]
 [-0.0005453   0.00018914  0.00064614]
 [ 0.00014327 -0.00024055 -0.00024925]
 [ 0.0002925  -0.00012863  0.00010133]
 [-0.00057378  0.00029956  0.00034528]
 [ 0.00078063  0.00017981  0.00035337]
 [-0.001205    0.00016044 -0.00060756]
 [ 0.00061339  0.0004916   0.00168524]
 [ 0.00218829 -0.00076    -0.00150232]
 [ 0.00004032 -0.00000109 -0.00021415]
 [ 0.00056068 -0.00011681  0.00005527]
 [-0.00071319  0.00006511  0.00022122]
 [ 0.00048487  0.00001647 -0.00029293]
 [ 0.00012636 -0.00017752 -0.00021669]
 [-0.00006641 -0.00005652  0.00009914]
 [ 0.00017862 -0.00012165  0.00012728]
 [ 0.0000036  -0.00006197  0.00005542]
 [-0.00019655 -0.00011802 -0.00002449]
 [-0.00046727  0.00003617 -0.00000431]
 [ 0.00006907  0.00000994  0.00005473]
 [-0.00007243 -0.00009344 -0.0001383 ]
 [-0.00008626  0.00031906 -0.00001121]
 [ 0.00002694 -0.00051386 -0.00072362]
 [-0.00217808 -0.00002815  0.00047717]
 [ 0.00016608  0.00001447 -0.00015742]
 [-0.00000338  0.00008053 -0.00013247]
 [-0.00026364  0.00000401  0.00021407]
 [ 0.00019185  0.00006427  0.00019623]]
2022-08-10:18:12:15,714 INFO     [psi4.driver.task_planner:266] PLANNING Atomic:  keywords={'CART_HESS_READ': 0, 'GEOM_MAXITER': 150, 'SCF__GUESS': 'READ', 'OPTKING__INTRAFRAG_STEP_LIMIT': 0.03515625, 'SCF__INTS_TOLERANCE': 1e-12, 'OPTKING__OPT_COORDINATES': 'CARTESIAN', 'REFERENCE': 'UHF', 'function_kwargs': {}}
2022-08-10:18:12:15,715 INFO     [psi4.driver.driver:617] Compute gradient(): method=b3lyp, basis=6-31g**, molecule=one, nre=1478.5280246704244
2022-08-10:18:14:56,418 INFO     [psi4.driver.driver:620] Return gradient(): -1182.9403233086223
2022-08-10:18:14:56,419 INFO     [psi4.driver.driver:621] [[-0.00000579  0.00016043 -0.00020436]
 [ 0.00003468  0.00021721 -0.00003535]
 [ 0.00042322 -0.00028269  0.00011645]
 [-0.00020298  0.00080678  0.00001733]
 [ 0.00060073 -0.00033926  0.00005948]
 [-0.0005307  -0.00002814  0.00000608]
 [-0.00001458  0.00028644  0.00009967]
 [ 0.00029146 -0.00033433  0.00017672]
 [-0.00038889  0.00022356  0.00004066]
 [ 0.00047825  0.00032303  0.00028597]
 [-0.00086229 -0.00067397 -0.0003503 ]
 [ 0.00037283  0.00008277  0.00114261]
 [ 0.00052905  0.00030607 -0.00097607]
 [ 0.00022551  0.00016152 -0.00032913]
 [ 0.00022109 -0.00056027 -0.00013454]
 [-0.00014861  0.00031008  0.00017747]
 [-0.00008276 -0.00042885 -0.000227  ]
 [ 0.000064    0.000009   -0.00001725]
 [ 0.00004789  0.00005098  0.00005981]
 [ 0.00011159 -0.0001464   0.00020766]
 [-0.00002936 -0.00003148 -0.00003671]
 [-0.00005319  0.00004368 -0.00004205]
 [-0.00018671  0.00003594 -0.00000758]
 [ 0.00004744  0.00005858  0.00019938]
 [-0.00003122 -0.00004346 -0.00008504]
 [-0.00007247 -0.00006568  0.00011935]
 [ 0.00009077 -0.00015311 -0.00039296]
 [-0.00068512 -0.00012163  0.00024842]
 [-0.00003487 -0.00011238 -0.00010742]
 [ 0.00000712  0.00007048 -0.00003314]
 [-0.00013679  0.00004036  0.00013006]
 [-0.00002756  0.00008076 -0.00003629]]
2022-08-10:18:14:56,460 INFO     [psi4.driver.task_planner:266] PLANNING Atomic:  keywords={'CART_HESS_READ': 0, 'GEOM_MAXITER': 150, 'SCF__GUESS': 'READ', 'OPTKING__INTRAFRAG_STEP_LIMIT': 0.10546875, 'SCF__INTS_TOLERANCE': 1e-12, 'OPTKING__OPT_COORDINATES': 'CARTESIAN', 'REFERENCE': 'UHF', 'function_kwargs': {}}
2022-08-10:18:14:56,461 INFO     [psi4.driver.driver:617] Compute gradient(): method=b3lyp, basis=6-31g**, molecule=one, nre=1478.3428434345349
2022-08-10:18:18:05,477 INFO     [psi4.driver.driver:620] Return gradient(): -1182.94036601049
2022-08-10:18:18:05,478 INFO     [psi4.driver.driver:621] [[-0.00014047  0.00008118 -0.00005853]
 [ 0.00011181  0.00035616 -0.00000125]
 [-0.00003983 -0.00043443 -0.00009106]
 [ 0.00030178  0.00043685  0.00018765]
 [ 0.00044822 -0.00009296  0.0000783 ]
 [-0.00070373  0.00004906 -0.00005747]
 [ 0.00016956 -0.00007084  0.00001225]
 [ 0.00025438 -0.00026881  0.00012439]
 [-0.000182   -0.00002514 -0.00001557]
 [ 0.00031052  0.00047651  0.00018376]
 [-0.00150973 -0.00152364 -0.00035696]
 [ 0.00073901  0.00040752  0.0017691 ]
 [ 0.00017626  0.0003423  -0.00075013]
 [ 0.00053701  0.00080056 -0.00103662]
 [-0.0001489  -0.00049027 -0.00016704]
 [ 0.00042783  0.00023592 -0.00001256]
 [-0.00040249 -0.00031282  0.00006155]
 [ 0.00001358  0.00009015  0.00007798]
 [ 0.00008134  0.00003453  0.00000609]
 [-0.00000267 -0.00004267  0.00012534]
 [-0.00000795  0.00001468 -0.00008532]
 [ 0.0001321   0.00025658  0.00004866]
 [ 0.00003571  0.0000108  -0.0000127 ]
 [-0.00003232  0.00010329  0.00021452]
 [ 0.00011024  0.00026816  0.00013917]
 [-0.00007819 -0.00011498  0.00005797]
 [-0.00007475 -0.00014419 -0.00026724]
 [-0.0000323  -0.00031975  0.00014314]
 [-0.00021166 -0.00022007 -0.00004899]
 [-0.00001337 -0.00004426  0.00004425]
 [ 0.00002519  0.0000417  -0.00004395]
 [-0.00017183  0.00004383 -0.00015032]]
2022-08-10:18:18:05,514 INFO     [psi4.driver.task_planner:266] PLANNING Atomic:  keywords={'CART_HESS_READ': 0, 'GEOM_MAXITER': 150, 'SCF__GUESS': 'READ', 'OPTKING__INTRAFRAG_STEP_LIMIT': 0.31640625, 'SCF__INTS_TOLERANCE': 1e-12, 'OPTKING__OPT_COORDINATES': 'CARTESIAN', 'REFERENCE': 'UHF', 'function_kwargs': {}}
2022-08-10:18:18:05,516 INFO     [psi4.driver.driver:617] Compute gradient(): method=b3lyp, basis=6-31g**, molecule=one, nre=1477.8735927425673
2022-08-10:18:21:22,571 INFO     [psi4.driver.driver:620] Return gradient(): -1182.9404309623023
2022-08-10:18:21:22,571 INFO     [psi4.driver.driver:621] [[-0.00023345  0.00001082  0.00000312]
 [ 0.00027955  0.00060692 -0.00011214]
 [-0.0002519  -0.00026586  0.00022412]
 [ 0.00067963  0.00053712  0.00004529]
 [ 0.00025974 -0.00013239  0.00019759]
 [-0.00080804  0.00062069 -0.00001742]
 [ 0.00052994 -0.00084483 -0.00021011]
 [ 0.00033864 -0.00023025  0.00008368]
 [-0.00006754  0.00005273 -0.00009465]
 [ 0.00007726  0.00045814 -0.00003496]
 [-0.00325626 -0.00264295 -0.0001336 ]
 [ 0.00157891  0.00174726  0.00381167]
 [ 0.00041696 -0.00096035 -0.00068604]
 [ 0.00111345  0.00213297 -0.00332827]
 [-0.00040743 -0.00056268 -0.00015946]
 [ 0.0006901   0.00015345 -0.00010985]
 [-0.00065248 -0.00048107  0.00013137]
 [ 0.00000549  0.00025771  0.00017051]
 [ 0.00007925  0.00001268 -0.00002391]
 [-0.0000202  -0.00001522  0.00007452]
 [-0.00001515  0.0000464  -0.00002908]
 [ 0.00011038  0.0000682  -0.00008063]
 [ 0.00010417 -0.00008643  0.00003713]
 [-0.0000417   0.00009621  0.00022524]
 [ 0.00000855  0.00024052  0.00025846]
 [-0.0000594  -0.00014387  0.00010468]
 [-0.00008314 -0.00001334 -0.00008904]
 [ 0.00028544 -0.00048177  0.00019701]
 [-0.00022412 -0.00005184  0.00003768]
 [-0.00003156 -0.00006458  0.00004867]
 [ 0.00008938  0.00001908 -0.00009061]
 [-0.00021056  0.00000358 -0.00024588]]
2022-08-10:18:21:22,608 INFO     [psi4.driver.task_planner:266] PLANNING Atomic:  keywords={'CART_HESS_READ': 0, 'GEOM_MAXITER': 150, 'SCF__GUESS': 'READ', 'OPTKING__INTRAFRAG_STEP_LIMIT': 0.31640625, 'SCF__INTS_TOLERANCE': 1e-12, 'OPTKING__OPT_COORDINATES': 'CARTESIAN', 'REFERENCE': 'UHF', 'function_kwargs': {}}
2022-08-10:18:21:22,610 INFO     [psi4.driver.driver:617] Compute gradient(): method=b3lyp, basis=6-31g**, molecule=one, nre=1477.9389236529983
2022-08-10:18:24:13,472 INFO     [psi4.driver.driver:620] Return gradient(): -1182.9404596017166
2022-08-10:18:24:13,473 INFO     [psi4.driver.driver:621] [[ 0.00007441 -0.00039387  0.00080137]
 [ 0.00019605  0.00102104 -0.00008311]
 [-0.00098384 -0.0005855  -0.00001386]
 [ 0.00152329 -0.00023725  0.00001144]
 [-0.00074999 -0.00037747  0.00019527]
 [-0.0001807   0.00122593 -0.00005168]
 [ 0.0008797  -0.001738   -0.00029089]
 [-0.00033597  0.00016105 -0.00024675]
 [ 0.00117732 -0.00061799 -0.00024389]
 [-0.00063715 -0.00003117 -0.00081639]
 [-0.00077106 -0.00098678  0.0005341 ]
 [ 0.00030585  0.00015029  0.00116335]
 [ 0.00198062 -0.00043197 -0.00029732]
 [ 0.00083244  0.00118125 -0.00179494]
 [-0.00118952 -0.00043131  0.00026322]
 [ 0.00133103  0.00006042 -0.0006608 ]
 [-0.00077645 -0.00007638  0.00089149]
 [-0.00003286  0.00108043  0.00064729]
 [-0.00023111 -0.00080723 -0.00026252]
 [-0.00060818  0.00082811 -0.00104843]
 [ 0.00001496  0.00033699  0.00044698]
 [ 0.00013667 -0.00040719 -0.00004465]
 [ 0.00058047 -0.00004009  0.00009624]
 [-0.00012366  0.00015593 -0.00028058]
 [ 0.00026934  0.00076591  0.00081875]
 [ 0.00040042 -0.00030091 -0.00001193]
 [-0.00023176  0.00030494  0.00067699]
 [-0.00190854  0.000166    0.00039684]
 [-0.00021671  0.00045734  0.0002744 ]
 [-0.0001332  -0.00019234  0.00012777]
 [ 0.00032256 -0.00000374 -0.0002228 ]
 [-0.00061538 -0.00006676 -0.00080806]]
2022-08-10:18:24:13,508 INFO     [psi4.driver.task_planner:266] PLANNING Atomic:  keywords={'CART_HESS_READ': 0, 'GEOM_MAXITER': 150, 'SCF__GUESS': 'READ', 'OPTKING__INTRAFRAG_STEP_LIMIT': 0.31640625, 'SCF__INTS_TOLERANCE': 1e-12, 'OPTKING__OPT_COORDINATES': 'CARTESIAN', 'REFERENCE': 'UHF', 'function_kwargs': {}}
2022-08-10:18:24:13,509 INFO     [psi4.driver.driver:617] Compute gradient(): method=b3lyp, basis=6-31g**, molecule=one, nre=1477.3361136402686
2022-08-10:18:27:20,531 INFO     [psi4.driver.driver:620] Return gradient(): -1182.9405276276475
2022-08-10:18:27:20,531 INFO     [psi4.driver.driver:621] [[-0.00082032 -0.00009268  0.00008363]
 [ 0.000334    0.00070182 -0.00011341]
 [-0.00062758 -0.00035277  0.00005588]
 [ 0.00068794  0.00045889  0.00007116]
 [-0.00062496 -0.00073992 -0.00002604]
 [ 0.00027915  0.00097621 -0.00019022]
 [ 0.00053981 -0.00093582  0.00000308]
 [-0.00026192 -0.00001515 -0.00006173]
 [ 0.00053759 -0.00032003 -0.00032956]
 [-0.00038116 -0.00029775 -0.00042456]
 [-0.00093028 -0.00032535  0.00055822]
 [ 0.00058192  0.0007333   0.00130053]
 [-0.00011398 -0.00076898 -0.00057406]
 [ 0.00052302  0.00074018 -0.00137361]
 [-0.00071305 -0.00018809  0.0000994 ]
 [ 0.0008251   0.0000899  -0.0001991 ]
 [-0.00041815 -0.00050718  0.00019855]
 [-0.0001323   0.00066388  0.00058744]
 [ 0.00015197  0.00039493 -0.00002115]
 [ 0.00000576 -0.00023511  0.00023878]
 [ 0.00003812 -0.00004979 -0.0002393 ]
 [ 0.00010208 -0.00012877  0.00003285]
 [ 0.0004428  -0.00013895  0.00004005]
 [-0.0000103   0.00002936  0.00003289]
 [ 0.00013577  0.00041411  0.00044382]
 [-0.00006028  0.00027847  0.00000228]
 [-0.00013638  0.00005848  0.0003193 ]
 [ 0.00055725 -0.00025018  0.00019056]
 [-0.00008618  0.00016944  0.00005518]
 [-0.00000411 -0.00009103  0.00004604]
 [ 0.00018417 -0.00001017 -0.00017324]
 [-0.00033611 -0.00005027 -0.00051688]]
2022-08-10:18:27:20,571 INFO     [psi4.driver.task_planner:266] PLANNING Atomic:  keywords={'CART_HESS_READ': 0, 'GEOM_MAXITER': 150, 'SCF__GUESS': 'READ', 'OPTKING__INTRAFRAG_STEP_LIMIT': 0.0791015625, 'SCF__INTS_TOLERANCE': 1e-12, 'OPTKING__OPT_COORDINATES': 'CARTESIAN', 'REFERENCE': 'UHF', 'function_kwargs': {}}
2022-08-10:18:27:20,573 INFO     [psi4.driver.driver:617] Compute gradient(): method=b3lyp, basis=6-31g**, molecule=one, nre=1477.924112282473
2022-08-10:18:30:01,526 INFO     [psi4.driver.driver:620] Return gradient(): -1182.9405566804612
2022-08-10:18:30:01,526 INFO     [psi4.driver.driver:621] [[-0.000179    0.00001606  0.0001944 ]
 [ 0.00031698  0.00001554 -0.00008725]
 [-0.00016845  0.00013998  0.00007021]
 [ 0.00019884  0.00008457  0.00002383]
 [-0.00076356 -0.00002198 -0.00012498]
 [ 0.00071306 -0.00008803  0.00005527]
 [-0.00004723  0.00044521  0.00019512]
 [ 0.00001438  0.00010245 -0.00021881]
 [ 0.00018362 -0.00025171 -0.00007953]
 [-0.0001268  -0.00037719  0.00015731]
 [ 0.00026407  0.00066256  0.00047847]
 [-0.00006877 -0.00023726 -0.00024183]
 [-0.00011894 -0.00016387 -0.00049336]
 [ 0.00017892 -0.00008689 -0.00002149]
 [-0.00023668  0.0001385  -0.00009111]
 [ 0.00017188 -0.00022423  0.00008907]
 [ 0.00001253 -0.00045576 -0.00009715]
 [-0.0000412   0.0002279   0.00022367]
 [ 0.00003918  0.00000236  0.00000699]
 [-0.00001938  0.00004491 -0.00008675]
 [ 0.00002365 -0.00001093 -0.00004146]
 [ 0.00002556 -0.00006357  0.00003854]
 [ 0.00000299  0.00006024  0.00000636]
 [-0.00000449 -0.0001137   0.00011084]
 [-0.00003578  0.00004924  0.00014893]
 [-0.00019523  0.00047774 -0.00009407]
 [-0.00002085 -0.00009222  0.00001995]
 [ 0.00017996 -0.00006643  0.00023919]
 [ 0.00004027  0.00005741 -0.00005544]
 [ 0.00001477 -0.00001653 -0.00004866]
 [-0.00002453  0.00000422  0.00003269]
 [-0.00007521 -0.00003873 -0.00022911]]
2022-08-10:18:30:01,568 INFO     [psi4.driver.task_planner:266] PLANNING Atomic:  keywords={'CART_HESS_READ': 0, 'GEOM_MAXITER': 150, 'SCF__GUESS': 'READ', 'OPTKING__INTRAFRAG_STEP_LIMIT': 0.0791015625, 'SCF__INTS_TOLERANCE': 1e-12, 'OPTKING__OPT_COORDINATES': 'CARTESIAN', 'REFERENCE': 'UHF', 'function_kwargs': {}}
2022-08-10:18:30:01,569 INFO     [psi4.driver.driver:617] Compute gradient(): method=b3lyp, basis=6-31g**, molecule=one, nre=1477.9186451397284
2022-08-10:18:32:42,556 INFO     [psi4.driver.driver:620] Return gradient(): -1182.9405746323482
2022-08-10:18:32:42,557 INFO     [psi4.driver.driver:621] [[-0.00002892  0.00007849  0.00004489]
 [ 0.00013803 -0.00004517  0.00000668]
 [-0.0000591   0.00006498 -0.00004579]
 [ 0.00004086  0.00001557  0.00007006]
 [-0.00058957  0.00013505 -0.00008954]
 [ 0.00052445 -0.00000447  0.0001656 ]
 [ 0.00003795  0.00000769 -0.00004259]
 [-0.0000222   0.0002292  -0.00017255]
 [ 0.00011118 -0.00027515 -0.00007897]
 [-0.00002299 -0.00019061  0.00014394]
 [-0.00017207  0.00054856  0.0002245 ]
 [ 0.00005733 -0.00002165  0.00006813]
 [ 0.00083865 -0.00055362 -0.00048061]
 [ 0.00013519  0.00004889 -0.00015575]
 [-0.00017535  0.00006489  0.0000051 ]
 [ 0.00001279 -0.00013696  0.00002277]
 [ 0.0000218  -0.00026487 -0.00000209]
 [ 0.00001979  0.00010806  0.00008687]
 [ 0.00000028 -0.00004151  0.00002856]
 [ 0.00003342 -0.00003055 -0.00000649]
 [ 0.00004235 -0.00004754 -0.00005584]
 [ 0.00001074 -0.00002207  0.00004712]
 [-0.00000344  0.00006077 -0.00004899]
 [-0.0000171  -0.00002057  0.00017094]
 [ 0.00008067  0.0001718   0.00014373]
 [-0.00009963  0.00025668 -0.00003759]
 [ 0.00002066 -0.00004161 -0.00011309]
 [-0.00064089 -0.00000451  0.00030794]
 [ 0.00003374  0.00001689 -0.0000252 ]
 [ 0.00003193  0.00007513 -0.00003195]
 [-0.00005383  0.00002606  0.0000654 ]
 [-0.00007987  0.0000154  -0.00018194]]
2022-08-10:18:32:42,601 INFO     [psi4.driver.task_planner:266] PLANNING Atomic:  keywords={'CART_HESS_READ': 0, 'GEOM_MAXITER': 150, 'SCF__GUESS': 'READ', 'OPTKING__INTRAFRAG_STEP_LIMIT': 0.019775390625, 'SCF__INTS_TOLERANCE': 1e-12, 'OPTKING__OPT_COORDINATES': 'CARTESIAN', 'REFERENCE': 'UHF', 'function_kwargs': {}}
2022-08-10:18:32:42,602 INFO     [psi4.driver.driver:617] Compute gradient(): method=b3lyp, basis=6-31g**, molecule=one, nre=1478.0093919892738
2022-08-10:18:35:04,948 INFO     [psi4.driver.driver:620] Return gradient(): -1182.9405816416947
2022-08-10:18:35:04,948 INFO     [psi4.driver.driver:621] [[ 0.0000439   0.00001082  0.00001556]
 [ 0.00005036 -0.00001159 -0.0000273 ]
 [-0.00003474  0.00006791  0.0000311 ]
 [ 0.00004865 -0.00008292  0.00001451]
 [-0.00032365  0.00013808 -0.00001201]
 [ 0.00042051 -0.00004571  0.00007403]
 [ 0.00001427 -0.00013521 -0.00008128]
 [-0.00011945  0.00023362 -0.00003272]
 [ 0.00015866 -0.00006495 -0.00004635]
 [-0.00010302  0.00000939  0.00008046]
 [ 0.00000702  0.00032711  0.00005682]
 [-0.00000856 -0.00009923 -0.00005907]
 [ 0.00069548 -0.00026761 -0.0003307 ]
 [ 0.00001443 -0.00002293  0.00009201]
 [-0.00010516  0.00005093 -0.00000178]
 [ 0.0000517  -0.00003287 -0.00004187]
 [-0.00006974 -0.00006807  0.00008359]
 [-0.00001281  0.00001562 -0.00005864]
 [-0.00000002 -0.00002205  0.00001771]
 [ 0.00000718 -0.00002393 -0.0000093 ]
 [ 0.00000733 -0.00000207  0.00000379]
 [ 0.00002716  0.00003873  0.00001164]
 [ 0.00006028  0.00000571 -0.00004528]
 [-0.00000144  0.0000445   0.00005217]
 [ 0.00000938  0.0000649  -0.00000074]
 [ 0.00005308 -0.00004488  0.00003273]
 [ 0.00003974  0.00008741 -0.00001973]
 [-0.00065582  0.00004313  0.00026174]
 [-0.00002528 -0.00003878  0.00000973]
 [ 0.00000579  0.00003416 -0.00001726]
 [-0.00002864  0.00002209  0.00001576]
 [-0.00000935 -0.00000299 -0.00005028]]
2022-08-10:18:35:04,991 INFO     [psi4.driver.task_planner:266] PLANNING Atomic:  keywords={'CART_HESS_READ': 0, 'GEOM_MAXITER': 150, 'SCF__GUESS': 'READ', 'OPTKING__INTRAFRAG_STEP_LIMIT': 0.059326171875, 'SCF__INTS_TOLERANCE': 1e-12, 'OPTKING__OPT_COORDINATES': 'CARTESIAN', 'REFERENCE': 'UHF', 'function_kwargs': {}}
2022-08-10:18:35:04,992 INFO     [psi4.driver.driver:617] Compute gradient(): method=b3lyp, basis=6-31g**, molecule=one, nre=1477.985012094794
2022-08-10:18:37:45,938 INFO     [psi4.driver.driver:620] Return gradient(): -1182.9405938344426
2022-08-10:18:37:45,939 INFO     [psi4.driver.driver:621] [[ 0.00019925 -0.00003849  0.00008401]
 [-0.00001984  0.00004789  0.00004167]
 [ 0.00002657 -0.00005986 -0.0000105 ]
 [ 0.00007123 -0.00009527  0.00001199]
 [-0.00009884  0.00006109  0.00000751]
 [ 0.00026895 -0.0002385  -0.00005171]
 [-0.00008371  0.00014212  0.00001332]
 [-0.00003863  0.00011565  0.0000966 ]
 [ 0.00008027  0.00012168 -0.00007991]
 [ 0.00000858  0.00016673  0.00013114]
 [-0.00012459  0.00001541 -0.00020145]
 [ 0.00009178  0.00002928  0.00015004]
 [ 0.00021904 -0.00013349 -0.00014328]
 [-0.00004204  0.00003157  0.00007033]
 [-0.00001612  0.00002093  0.00000495]
 [ 0.00011506  0.00006484 -0.00001101]
 [-0.00006601 -0.0000356  -0.00000243]
 [ 0.00002169  0.00002229 -0.0000134 ]
 [-0.00007085 -0.00019935 -0.00001219]
 [-0.00010118  0.00013749 -0.000182  ]
 [-0.00001918  0.00007538  0.00012556]
 [ 0.0000143   0.00004543  0.00000708]
 [ 0.0000617   0.0000039  -0.00000879]
 [ 0.00001393  0.00003413 -0.00003813]
 [-0.00003766 -0.0000311  -0.0000695 ]
 [ 0.00005413 -0.0000948   0.00003157]
 [-0.00001072  0.00001094 -0.00005179]
 [-0.00017953  0.00000102  0.00014516]
 [-0.00005549 -0.00006394 -0.0000037 ]
 [-0.00001005  0.00002304 -0.00000158]
 [-0.00003089  0.00003439  0.0000156 ]
 [-0.00004807  0.00001271 -0.00006872]]
2022-08-10:18:37:45,979 INFO     [psi4.driver.task_planner:266] PLANNING Atomic:  keywords={'CART_HESS_READ': 0, 'GEOM_MAXITER': 150, 'SCF__GUESS': 'READ', 'OPTKING__INTRAFRAG_STEP_LIMIT': 0.177978515625, 'SCF__INTS_TOLERANCE': 1e-12, 'OPTKING__OPT_COORDINATES': 'CARTESIAN', 'REFERENCE': 'UHF', 'function_kwargs': {}}
2022-08-10:18:37:45,980 INFO     [psi4.driver.driver:617] Compute gradient(): method=b3lyp, basis=6-31g**, molecule=one, nre=1477.7801213997784
2022-08-10:18:40:43,653 INFO     [psi4.driver.driver:620] Return gradient(): -1182.940614508946
2022-08-10:18:40:43,654 INFO     [psi4.driver.driver:621] [[-0.00002773  0.00009203  0.00000302]
 [-0.00010663 -0.00014872 -0.00001246]
 [ 0.00001072 -0.00006898  0.00002716]
 [-0.00010873 -0.0000455  -0.00003442]
 [-0.00007002 -0.00010099 -0.00000366]
 [ 0.00000793  0.0002167   0.00002576]
 [ 0.00009563 -0.00029316 -0.00011899]
 [ 0.0000332  -0.00000301  0.00021412]
 [ 0.00000528  0.00026555 -0.00012693]
 [ 0.00011858  0.0001771   0.00016346]
 [-0.000092    0.00009182 -0.00043264]
 [ 0.00011061  0.00001563  0.0001669 ]
 [ 0.00003705 -0.00014479  0.00000122]
 [-0.00015267 -0.00009687  0.00021249]
 [ 0.00014074  0.00011353  0.00004468]
 [ 0.00004269  0.00007558  0.00000471]
 [ 0.00005909  0.00009848 -0.00003739]
 [ 0.00001876  0.00001066  0.00004153]
 [-0.00005626 -0.00008202  0.00002943]
 [-0.0000041  -0.00005836  0.0000589 ]
 [ 0.00002337 -0.00003483 -0.00008571]
 [-0.00005901 -0.00002674  0.0000149 ]
 [ 0.00010675 -0.00000287  0.00001002]
 [ 0.0000215   0.00002693 -0.00003905]
 [-0.00003842 -0.00003901 -0.0000946 ]
 [ 0.00000007 -0.00003993  0.00000753]
 [-0.00001778 -0.00004488 -0.00009428]
 [-0.00000709  0.00004479  0.00003558]
 [ 0.00006215  0.00010232  0.00000785]
 [ 0.00004567  0.00008613  0.00000951]
 [-0.00000946  0.0000155  -0.00001767]
 [-0.00004295 -0.00000467 -0.00006261]]
2022-08-10:18:40:43,694 INFO     [psi4.driver.task_planner:266] PLANNING Atomic:  keywords={'CART_HESS_READ': 0, 'GEOM_MAXITER': 150, 'SCF__GUESS': 'READ', 'OPTKING__INTRAFRAG_STEP_LIMIT': 0.177978515625, 'SCF__INTS_TOLERANCE': 1e-12, 'OPTKING__OPT_COORDINATES': 'CARTESIAN', 'REFERENCE': 'UHF', 'function_kwargs': {}}
2022-08-10:18:40:43,695 INFO     [psi4.driver.driver:617] Compute gradient(): method=b3lyp, basis=6-31g**, molecule=one, nre=1477.4825645696892
2022-08-10:18:43:49,169 INFO     [psi4.driver.driver:620] Return gradient(): -1182.9406331092491
2022-08-10:18:43:49,169 INFO     [psi4.driver.driver:621] [[ 0.00009445  0.00010797  0.00011687]
 [-0.00010758 -0.00017209 -0.00004527]
 [ 0.00012954 -0.00011598  0.00002189]
 [-0.00016802  0.00006411 -0.00004298]
 [-0.0001018  -0.00018495 -0.00001631]
 [ 0.00004441  0.00017789  0.00005478]
 [ 0.00010522 -0.0002004  -0.00009055]
 [ 0.00000511 -0.00006647  0.00009196]
 [-0.00004589  0.00026712 -0.0001411 ]
 [ 0.00003191  0.00002899  0.00008018]
 [-0.00020016  0.00020453 -0.00047704]
 [ 0.0002586   0.0001956   0.00035878]
 [-0.00001248 -0.00037446  0.00000007]
 [-0.00019299 -0.00016451  0.00017248]
 [ 0.00020764  0.00010978  0.00006237]
 [-0.00000851 -0.00001306 -0.00005716]
 [ 0.00012156  0.00016014  0.00002613]
 [ 0.00002589  0.00007667  0.00007857]
 [-0.0000509  -0.00024924  0.00000701]
 [-0.00009084  0.00013167 -0.00017503]
 [-0.00000325  0.00003369  0.00007787]
 [-0.0000989  -0.00014244 -0.00001539]
 [ 0.00011037 -0.00002407 -0.00001162]
 [ 0.00000837  0.0000344   0.0000705 ]
 [-0.00000734 -0.00002477 -0.00008238]
 [-0.00005526  0.00005561 -0.00000558]
 [ 0.00000069 -0.00002423 -0.00005719]
 [ 0.00012154  0.00004639 -0.00004044]
 [ 0.00007482  0.00012933 -0.00001131]
 [ 0.00001304  0.00005093 -0.00001922]
 [-0.00004265  0.00001042  0.0000259 ]
 [-0.00005675  0.00001204 -0.00009472]]
2022-08-10:18:43:49,212 INFO     [psi4.driver.task_planner:266] PLANNING Atomic:  keywords={'CART_HESS_READ': 0, 'GEOM_MAXITER': 150, 'SCF__GUESS': 'READ', 'OPTKING__INTRAFRAG_STEP_LIMIT': 0.04449462890625, 'SCF__INTS_TOLERANCE': 1e-12, 'OPTKING__OPT_COORDINATES': 'CARTESIAN', 'REFERENCE': 'UHF', 'function_kwargs': {}}
2022-08-10:18:43:49,213 INFO     [psi4.driver.driver:617] Compute gradient(): method=b3lyp, basis=6-31g**, molecule=one, nre=1477.5069880048102
2022-08-10:18:46:29,266 INFO     [psi4.driver.driver:620] Return gradient(): -1182.9406403358025
2022-08-10:18:46:29,267 INFO     [psi4.driver.driver:621] [[-0.000018    0.00006906  0.00003061]
 [-0.00001811 -0.0000562   0.00003002]
 [ 0.00004966 -0.00004646  0.0000015 ]
 [-0.00005572  0.00003514 -0.00006223]
 [-0.00010643 -0.0000629   0.00002989]
 [ 0.00010509 -0.00005248 -0.00006964]
 [ 0.00000126  0.00018555  0.00007519]
 [ 0.00003707 -0.00008534 -0.00005322]
 [-0.00001081  0.00008611 -0.00006637]
 [-0.00005406 -0.00010015 -0.00003129]
 [ 0.0000001   0.00033037 -0.00035844]
 [ 0.00016052  0.00000512  0.0001309 ]
 [-0.00005352 -0.00021134  0.00003939]
 [-0.00013952 -0.00021248  0.00022351]
 [ 0.00005513  0.00005559  0.00007173]
 [-0.00003925 -0.00006412 -0.00003988]
 [ 0.00009107  0.00007531 -0.0000341 ]
 [ 0.00001728  0.00006225  0.00003722]
 [ 0.0000378  -0.00004107  0.00002885]
 [ 0.00000258  0.00000654 -0.00004396]
 [ 0.00001646 -0.00001918 -0.00000641]
 [-0.00000429 -0.00004285  0.00000533]
 [ 0.00002393  0.00002103  0.00000765]
 [-0.00000996  0.0000243   0.00007061]
 [ 0.00001801 -0.00000161  0.00002121]
 [-0.00003465  0.0000991  -0.00004839]
 [-0.00000794 -0.00000489 -0.00000003]
 [ 0.00009066  0.00005627 -0.00006631]
 [ 0.0000194   0.00005993 -0.00001561]
 [-0.00003726 -0.00004847 -0.00003294]
 [-0.00002929  0.00000622  0.00001805]
 [-0.00000126 -0.00000997 -0.00004314]]
2022-08-10:18:46:29,310 INFO     [psi4.driver.task_planner:266] PLANNING Atomic:  keywords={'CART_HESS_READ': 0, 'GEOM_MAXITER': 150, 'SCF__GUESS': 'READ', 'OPTKING__INTRAFRAG_STEP_LIMIT': 0.04449462890625, 'SCF__INTS_TOLERANCE': 1e-12, 'OPTKING__OPT_COORDINATES': 'CARTESIAN', 'REFERENCE': 'UHF', 'function_kwargs': {}}
2022-08-10:18:46:29,311 INFO     [psi4.driver.driver:617] Compute gradient(): method=b3lyp, basis=6-31g**, molecule=one, nre=1477.4428911312677
2022-08-10:18:48:58,547 INFO     [psi4.driver.driver:620] Return gradient(): -1182.9406452881203
2022-08-10:18:48:58,548 INFO     [psi4.driver.driver:621] [[ 0.00005784 -0.00001793  0.00004486]
 [ 0.00002141 -0.00000411 -0.0000003 ]
 [-0.00000034 -0.00000426 -0.00002114]
 [ 0.00002497  0.00002443 -0.0000064 ]
 [-0.00011361  0.00003128  0.00003625]
 [ 0.00013566 -0.00000659  0.00002196]
 [ 0.00000552  0.00011087  0.00003506]
 [ 0.00002062 -0.00005226 -0.00009987]
 [-0.00000218 -0.00003141  0.00000446]
 [-0.00010207 -0.00006911 -0.00009411]
 [ 0.00012896  0.00025063 -0.00014581]
 [ 0.00004711 -0.00012331 -0.00002615]
 [-0.00012425 -0.00002816  0.00003351]
 [-0.00005861 -0.00016265  0.00010468]
 [ 0.00002586 -0.00007937 -0.00002552]
 [-0.00011269  0.00002182  0.00002913]
 [ 0.00004355 -0.0000257  -0.00001684]
 [ 0.00001681  0.00000944 -0.00001088]
 [ 0.00000682 -0.00004425  0.00001331]
 [-0.00001576  0.00003118 -0.00008689]
 [ 0.00000187  0.00001005  0.00004801]
 [ 0.00004068  0.00000103  0.00002076]
 [-0.00003538  0.00003079  0.0000122 ]
 [-0.00000599  0.00001606  0.00004291]
 [ 0.00000934  0.00002242  0.00002611]
 [ 0.00002252  0.00002853 -0.00001842]
 [ 0.00002352  0.00004051  0.00004836]
 [ 0.00005722  0.00005582 -0.00007099]
 [ 0.00000412  0.00004448 -0.00001985]
 [ 0.00000088  0.00002247 -0.00001802]
 [-0.00001685 -0.0000043   0.00002979]
 [-0.00000216 -0.0000001  -0.00004667]]
2022-08-10:18:48:58,591 INFO     [psi4.driver.task_planner:266] PLANNING Atomic:  keywords={'CART_HESS_READ': 0, 'GEOM_MAXITER': 150, 'SCF__GUESS': 'READ', 'OPTKING__INTRAFRAG_STEP_LIMIT': 0.04449462890625, 'SCF__INTS_TOLERANCE': 1e-12, 'OPTKING__OPT_COORDINATES': 'CARTESIAN', 'REFERENCE': 'UHF', 'function_kwargs': {}}
2022-08-10:18:48:58,593 INFO     [psi4.driver.driver:617] Compute gradient(): method=b3lyp, basis=6-31g**, molecule=one, nre=1477.3630153496727
2022-08-10:18:51:36,899 INFO     [psi4.driver.driver:620] Return gradient(): -1182.9406502088705
2022-08-10:18:51:36,900 INFO     [psi4.driver.driver:621] [[ 0.00006968 -0.00003761  0.00003978]
 [ 0.00002723  0.0000084  -0.00001137]
 [-0.00003155  0.00006358  0.00000376]
 [ 0.00007356  0.00000108 -0.00001213]
 [-0.0000836   0.00005356  0.00003242]
 [ 0.00016027 -0.00002535  0.00004065]
 [-0.00002476  0.0000904   0.00002009]
 [ 0.00000751 -0.00001945 -0.00006987]
 [-0.00000744 -0.00006823  0.00003224]
 [-0.00007959  0.00002013 -0.00011088]
 [-0.00000684  0.0000701  -0.00003904]
 [ 0.0000723  -0.00001208  0.00007012]
 [-0.00004492 -0.00007787  0.00000128]
 [-0.00000164 -0.00004362 -0.00007393]
 [-0.00001342 -0.00003387  0.00000454]
 [-0.00006301 -0.00001234 -0.00002089]
 [ 0.00002818 -0.00003126  0.00001504]
 [ 0.00000635 -0.00001063 -0.00002566]
 [-0.00001222 -0.00002937  0.0000059 ]
 [-0.00001546  0.00001406 -0.00005609]
 [-0.00000244  0.00001515  0.00002876]
 [ 0.00003475 -0.00000503  0.00001108]
 [-0.00004853  0.00002509  0.00001055]
 [ 0.00000499  0.00001544  0.0000091 ]
 [ 0.00000199  0.00004407  0.00001859]
 [ 0.00001956 -0.0000054   0.00000336]
 [ 0.00001101  0.00001855  0.00002616]
 [ 0.00002976  0.00001525 -0.00007678]
 [-0.00000159  0.00002005 -0.0000101 ]
 [-0.00000715  0.00001188 -0.0000162 ]
 [-0.0000054   0.00000339 -0.00000467]
 [ 0.00000518 -0.00000181 -0.00001228]]
2022-08-10:18:51:36,943 INFO     [psi4.driver.task_planner:266] PLANNING Atomic:  keywords={'CART_HESS_READ': 0, 'GEOM_MAXITER': 150, 'SCF__GUESS': 'READ', 'OPTKING__INTRAFRAG_STEP_LIMIT': 0.04449462890625, 'SCF__INTS_TOLERANCE': 1e-12, 'OPTKING__OPT_COORDINATES': 'CARTESIAN', 'REFERENCE': 'UHF', 'function_kwargs': {}}
2022-08-10:18:51:36,944 INFO     [psi4.driver.driver:617] Compute gradient(): method=b3lyp, basis=6-31g**, molecule=one, nre=1477.2931704374316
2022-08-10:18:54:15,889 INFO     [psi4.driver.driver:620] Return gradient(): -1182.94065423776
2022-08-10:18:54:15,890 INFO     [psi4.driver.driver:621] [[ 0.00005648 -0.00003315  0.00000461]
 [-0.00000849  0.00003723  0.0000025 ]
 [-0.00002798  0.00004245 -0.00000106]
 [ 0.00007736  0.00001197 -0.00001125]
 [-0.0000367   0.0000017   0.00000869]
 [ 0.0001664  -0.00005228  0.00003286]
 [-0.00006055  0.00007296  0.00001191]
 [-0.00000497  0.00002763 -0.00000447]
 [-0.00002532 -0.00004906  0.00002427]
 [ 0.00002039  0.00009096 -0.00005831]
 [-0.00007181 -0.00005793  0.00009448]
 [ 0.00003554  0.00001854  0.00002623]
 [-0.00000624 -0.00004372 -0.00003282]
 [ 0.00003126  0.0000214  -0.00012794]
 [-0.00002155 -0.00001012  0.00003932]
 [-0.00000141  0.00000766 -0.00004507]
 [ 0.00000041 -0.00002197  0.00002983]
 [-0.00000301 -0.00001316 -0.00003069]
 [-0.00000882 -0.00001566  0.0000061 ]
 [-0.00001428 -0.00000578 -0.000017  ]
 [-0.00000632  0.00001774  0.00001653]
 [ 0.00000983 -0.0000218   0.00001056]
 [-0.0000209   0.0000131   0.00000451]
 [ 0.0000206   0.00001898 -0.00002348]
 [ 0.00001184  0.00004601 -0.00000309]
 [ 0.0000001  -0.00002175  0.00001715]
 [-0.00001436 -0.0000198  -0.00002684]
 [ 0.00001713 -0.00003239 -0.0000833 ]
 [-0.00000057  0.00000185 -0.0000089 ]
 [-0.00000608  0.00001171 -0.00001477]
 [-0.00000617  0.00001096 -0.00002019]
 [ 0.00000045  0.00000232  0.00000538]]
2022-08-10:18:54:15,933 INFO     [psi4.driver.task_planner:266] PLANNING Atomic:  keywords={'CART_HESS_READ': 0, 'GEOM_MAXITER': 150, 'SCF__GUESS': 'READ', 'OPTKING__INTRAFRAG_STEP_LIMIT': 0.04449462890625, 'SCF__INTS_TOLERANCE': 1e-12, 'OPTKING__OPT_COORDINATES': 'CARTESIAN', 'REFERENCE': 'UHF', 'function_kwargs': {}}
2022-08-10:18:54:15,934 INFO     [psi4.driver.driver:617] Compute gradient(): method=b3lyp, basis=6-31g**, molecule=one, nre=1477.233383457593
2022-08-10:18:56:54,997 INFO     [psi4.driver.driver:620] Return gradient(): -1182.940658531314
2022-08-10:18:56:54,998 INFO     [psi4.driver.driver:621] [[ 0.0000358  -0.00002195  0.00000018]
 [-0.00000306  0.00001515 -0.00001676]
 [-0.00002022  0.00004084  0.00001812]
 [ 0.0000508   0.00001053 -0.00000586]
 [-0.00001913 -0.00000451 -0.00000377]
 [ 0.00014687 -0.00006304  0.00002293]
 [-0.00007148  0.00006512  0.00001482]
 [ 0.00000135  0.00004777  0.00001368]
 [-0.0000278  -0.00000222  0.00002464]
 [ 0.00005492  0.00006725  0.00000439]
 [-0.00011634 -0.00011371  0.00019416]
 [ 0.00002781  0.00004967  0.00001856]
 [-0.00000339 -0.00007109 -0.00004448]
 [ 0.00005817  0.00009096 -0.00020627]
 [ 0.00000034 -0.0000038   0.00000688]
 [ 0.00002267  0.00001479 -0.00002549]
 [-0.00002441 -0.00001609  0.00002388]
 [-0.00001125 -0.00002357 -0.00004346]
 [ 0.00000402 -0.00001016  0.000009  ]
 [-0.00000856 -0.00000758 -0.00000501]
 [-0.00000645  0.0000161   0.00001149]
 [ 0.00000328 -0.0000127   0.00001142]
 [-0.00000486  0.00001037  0.00000094]
 [ 0.00002141  0.00001467 -0.00002047]
 [ 0.0000034   0.00001614 -0.00002839]
 [-0.00001414 -0.00000421  0.00000539]
 [-0.00003281 -0.00002672 -0.00003778]
 [ 0.00002658 -0.0000595  -0.00009481]
 [ 0.00000414  0.00000412 -0.00001076]
 [-0.00000028  0.00000846 -0.00001603]
 [-0.00000469  0.00000639 -0.00001957]
 [ 0.00000936 -0.00000286  0.00001654]]
2022-08-10:18:56:55,45 INFO     [psi4.driver.task_planner:266] PLANNING Atomic:  keywords={'CART_HESS_READ': 0, 'GEOM_MAXITER': 150, 'SCF__GUESS': 'READ', 'OPTKING__INTRAFRAG_STEP_LIMIT': 0.0111236572265625, 'SCF__INTS_TOLERANCE': 1e-12, 'OPTKING__OPT_COORDINATES': 'CARTESIAN', 'REFERENCE': 'UHF', 'function_kwargs': {}}
2022-08-10:18:56:55,47 INFO     [psi4.driver.driver:617] Compute gradient(): method=b3lyp, basis=6-31g**, molecule=one, nre=1477.235947217116
2022-08-10:18:59:08,591 INFO     [psi4.driver.driver:620] Return gradient(): -1182.940659628578
2022-08-10:18:59:08,592 INFO     [psi4.driver.driver:621] [[ 0.00000989  0.0000042  -0.00000561]
 [-0.00000049  0.00002102  0.00000152]
 [ 0.00000592  0.00000651  0.00000807]
 [ 0.00000901  0.00002949  0.00000364]
 [-0.00000775 -0.00001774 -0.00000564]
 [ 0.00010237 -0.00004155  0.00000331]
 [-0.00004508  0.00003604  0.00001593]
 [ 0.00000089  0.00004609  0.00002253]
 [-0.00001827  0.00002801 -0.00000512]
 [ 0.00006453  0.00003082  0.00003086]
 [-0.00006201 -0.00006302  0.00021626]
 [-0.00001204 -0.00000469 -0.00006924]
 [-0.00004089 -0.0000429  -0.00004122]
 [ 0.00004601  0.00006738 -0.00014461]
 [ 0.00000315  0.00001314  0.00001773]
 [ 0.00003325  0.00000842 -0.00001877]
 [-0.00002441 -0.00001016  0.00000145]
 [-0.00001035 -0.0000157  -0.00002685]
 [ 0.00000577 -0.00001254  0.00001283]
 [-0.00000042 -0.00001531  0.00000624]
 [ 0.00000043  0.00000564 -0.00000203]
 [-0.00000233 -0.00001025  0.00001197]
 [ 0.00001868  0.00001009 -0.00000382]
 [ 0.00001881  0.00001481 -0.00000409]
 [ 0.00000585  0.00000356 -0.00002971]
 [-0.00001184  0.00000692 -0.00000295]
 [-0.00002896 -0.00001603 -0.00003725]
 [ 0.00003845 -0.00005815 -0.00009673]
 [ 0.00000323 -0.00000184 -0.00001438]
 [-0.00000151  0.00000334 -0.0000171 ]
 [-0.00000312  0.0000066  -0.00001893]
 [ 0.00000536 -0.00000237  0.000008  ]]
2022-08-10:18:59:08,639 INFO     [psi4.driver.task_planner:266] PLANNING Atomic:  keywords={'CART_HESS_READ': 0, 'GEOM_MAXITER': 150, 'SCF__GUESS': 'READ', 'OPTKING__INTRAFRAG_STEP_LIMIT': 0.0111236572265625, 'SCF__INTS_TOLERANCE': 1e-12, 'OPTKING__OPT_COORDINATES': 'CARTESIAN', 'REFERENCE': 'UHF', 'function_kwargs': {}}
2022-08-10:18:59:08,641 INFO     [psi4.driver.driver:617] Compute gradient(): method=b3lyp, basis=6-31g**, molecule=one, nre=1477.2291345925519
2022-08-10:19:01:12,557 INFO     [psi4.driver.driver:620] Return gradient(): -1182.9406607333403
2022-08-10:19:01:12,557 INFO     [psi4.driver.driver:621] [[-0.00000836  0.00001559 -0.00001043]
 [ 0.00000113  0.00000972 -0.00000361]
 [ 0.00001789 -0.00001161  0.00001207]
 [-0.00001208  0.000029    0.00000777]
 [ 0.00000162 -0.00002009 -0.00000732]
 [ 0.00006918 -0.00003731 -0.00000329]
 [-0.00002873  0.00002914  0.00001827]
 [ 0.00000582  0.0000413   0.00002391]
 [-0.00001091  0.00004768 -0.00001483]
 [ 0.0000661   0.0000089   0.00005339]
 [-0.00004717 -0.00004278  0.00022626]
 [-0.00002404 -0.00001751 -0.0001004 ]
 [-0.00004754 -0.00004207 -0.00004478]
 [ 0.00004122  0.00006259 -0.00012137]
 [ 0.00001662  0.00000723 -0.00000141]
 [ 0.00003339  0.00001486 -0.0000061 ]
 [-0.00002924 -0.00000118 -0.00000095]
 [-0.0000084  -0.00000962 -0.00002145]
 [ 0.00001267 -0.00000741  0.00001591]
 [ 0.00000521 -0.0000202   0.00001388]
 [ 0.00000277  0.00000084 -0.00000684]
 [-0.00000244 -0.00000354  0.00001239]
 [ 0.00002763  0.00001086 -0.00000516]
 [ 0.00001652  0.00001366  0.00000215]
 [ 0.00000561 -0.00000432 -0.00003212]
 [-0.00001305  0.00001841 -0.00000949]
 [-0.00003034 -0.00001539 -0.00003804]
 [ 0.00003744 -0.00006042 -0.00009596]
 [ 0.00000377  0.00000279 -0.00001575]
 [-0.0000003   0.00000311 -0.00001739]
 [-0.00000217  0.00000468 -0.00001589]
 [ 0.00000235 -0.00000219  0.00000106]]
2022-08-10:19:01:12,605 INFO     [psi4.driver.task_planner:266] PLANNING Atomic:  keywords={'CART_HESS_READ': 0, 'GEOM_MAXITER': 150, 'SCF__GUESS': 'READ', 'OPTKING__INTRAFRAG_STEP_LIMIT': 0.0111236572265625, 'SCF__INTS_TOLERANCE': 1e-12, 'OPTKING__OPT_COORDINATES': 'CARTESIAN', 'REFERENCE': 'UHF', 'function_kwargs': {}}
2022-08-10:19:01:12,607 INFO     [psi4.driver.driver:617] Compute gradient(): method=b3lyp, basis=6-31g**, molecule=one, nre=1477.2313017194315
2022-08-10:19:03:26,192 INFO     [psi4.driver.driver:620] Return gradient(): -1182.9406619470833
2022-08-10:19:03:26,192 INFO     [psi4.driver.driver:621] [[-0.00003566  0.00003342 -0.00001336]
 [ 0.00000727  0.00000283  0.00000405]
 [ 0.00004434 -0.00004687  0.00000596]
 [-0.00004972  0.00003107  0.00001406]
 [ 0.00001441 -0.00001696 -0.00000038]
 [-0.00000688 -0.00000094 -0.0000151 ]
 [ 0.00002344 -0.00000115  0.00002012]
 [ 0.0000094   0.00001547  0.00001307]
 [ 0.00001052  0.00006136 -0.00004984]
 [ 0.00003619 -0.00003936  0.0000561 ]
 [ 0.00002428  0.00003868  0.00020067]
 [-0.00004976 -0.00006961 -0.00017286]
 [-0.0000688  -0.0000239  -0.00004509]
 [ 0.00001724  0.00001302 -0.00002894]
 [ 0.00002244  0.00000849 -0.00000542]
 [ 0.00001909  0.0000083   0.00000553]
 [-0.00001551  0.00001072 -0.00001716]
 [ 0.00000001  0.00001001  0.00000324]
 [ 0.00001562 -0.00000382  0.00001969]
 [ 0.00001355 -0.0000265   0.00001984]
 [ 0.00000964 -0.00000889 -0.00001518]
 [ 0.00000189  0.00000682  0.00001279]
 [ 0.00004095  0.00001377 -0.00000757]
 [ 0.0000106   0.0000137   0.00002294]
 [ 0.00000823 -0.00000527 -0.00002082]
 [-0.00000445  0.00003145 -0.00001611]
 [-0.00001753  0.00000354 -0.00002078]
 [ 0.00003088 -0.00005003 -0.00009123]
 [ 0.00000127  0.00000785 -0.00001708]
 [-0.00000293  0.00000056 -0.00001815]
 [-0.00000033  0.00000324 -0.00000951]
 [-0.00000793 -0.00000074 -0.00002098]]
2022-08-10:19:03:26,237 INFO     [psi4.driver.task_planner:266] PLANNING Atomic:  keywords={'CART_HESS_READ': 0, 'GEOM_MAXITER': 150, 'SCF__GUESS': 'READ', 'OPTKING__INTRAFRAG_STEP_LIMIT': 0.0111236572265625, 'SCF__INTS_TOLERANCE': 1e-12, 'OPTKING__OPT_COORDINATES': 'CARTESIAN', 'REFERENCE': 'UHF', 'function_kwargs': {}}
2022-08-10:19:03:26,239 INFO     [psi4.driver.driver:617] Compute gradient(): method=b3lyp, basis=6-31g**, molecule=one, nre=1477.226356838131
2022-08-10:19:05:38,834 INFO     [psi4.driver.driver:620] Return gradient(): -1182.9406631156407
2022-08-10:19:05:38,835 INFO     [psi4.driver.driver:621] [[-0.00004291  0.000034   -0.00001463]
 [ 0.00000419 -0.00000148  0.00000876]
 [ 0.00005629 -0.00005735  0.00000299]
 [-0.00006294  0.00002169  0.00001372]
 [ 0.00003294 -0.00001464  0.00000468]
 [-0.00006511  0.00003336 -0.00001431]
 [ 0.0000572  -0.0000281   0.00001632]
 [ 0.0000138  -0.00000189  0.0000082 ]
 [ 0.00002158  0.00006196 -0.00006382]
 [ 0.00001225 -0.00005665  0.00005024]
 [ 0.00005442  0.00006771  0.00016844]
 [-0.00005384 -0.00008549 -0.0001889 ]
 [-0.00006564 -0.00001744 -0.00004917]
 [ 0.00000569 -0.00000923  0.00001141]
 [ 0.00002655  0.00001142 -0.00000457]
 [ 0.00000763  0.00000452  0.0000093 ]
 [-0.00000107  0.00001875 -0.0000238 ]
 [ 0.00000282  0.00001947  0.00001353]
 [ 0.00001546 -0.00000153  0.00002004]
 [ 0.00001579 -0.00002666  0.00002029]
 [ 0.00001205 -0.00001056 -0.00001589]
 [ 0.00000408  0.0000109   0.00001308]
 [ 0.00004092  0.00001551 -0.00000721]
 [ 0.00000832  0.00001449  0.00002749]
 [ 0.00000866 -0.00000137 -0.00001288]
 [ 0.00000175  0.0000333  -0.00001654]
 [-0.00000944  0.00001319 -0.00000945]
 [ 0.00001646 -0.0000455  -0.0000844 ]
 [-0.00000034  0.00001005 -0.00001758]
 [-0.00000246  0.00000159 -0.00001779]
 [-0.00000023  0.00000278 -0.00000447]
 [-0.00001331 -0.00000111 -0.00003241]]
2022-08-10:19:05:38,883 INFO     [psi4.driver.task_planner:266] PLANNING Atomic:  keywords={'CART_HESS_READ': 0, 'GEOM_MAXITER': 150, 'SCF__GUESS': 'READ', 'OPTKING__INTRAFRAG_STEP_LIMIT': 0.0111236572265625, 'SCF__INTS_TOLERANCE': 1e-12, 'OPTKING__OPT_COORDINATES': 'CARTESIAN', 'REFERENCE': 'UHF', 'function_kwargs': {}}
2022-08-10:19:05:38,885 INFO     [psi4.driver.driver:617] Compute gradient(): method=b3lyp, basis=6-31g**, molecule=one, nre=1477.2199102254006
2022-08-10:19:07:43,757 INFO     [psi4.driver.driver:620] Return gradient(): -1182.9406642605309
2022-08-10:19:07:43,758 INFO     [psi4.driver.driver:621] [[-0.00004545  0.000032   -0.00001447]
 [ 0.00000283 -0.00000854  0.00000875]
 [ 0.00005992 -0.0000604   0.00000265]
 [-0.0000671   0.00001351  0.00001436]
 [ 0.00004791 -0.00001107  0.00000758]
 [-0.00010708  0.00005322 -0.00001133]
 [ 0.00007863 -0.00004232  0.00001372]
 [ 0.000018   -0.00001143  0.00000303]
 [ 0.00002943  0.00005777 -0.00006761]
 [-0.00000665 -0.00006513  0.00004296]
 [ 0.00007089  0.00008257  0.00013629]
 [-0.00005111 -0.00009146 -0.00018997]
 [-0.0000619  -0.00001323 -0.00005287]
 [-0.00000258 -0.00002493  0.00003887]
 [ 0.00002693  0.000015   -0.00000857]
 [-0.00000219  0.00000138  0.00001145]
 [ 0.00001016  0.00002385 -0.00002515]
 [ 0.00000601  0.00002472  0.00001911]
 [ 0.00001641  0.00000185  0.00001987]
 [ 0.00001704 -0.00002665  0.00002052]
 [ 0.00001316 -0.00001118 -0.00001613]
 [ 0.00000592  0.00001299  0.00001302]
 [ 0.0000391   0.00001633 -0.00000667]
 [ 0.00000665  0.00001501  0.0000293 ]
 [ 0.00000913  0.0000015  -0.0000073 ]
 [ 0.00000587  0.0000338  -0.00001698]
 [-0.00000469  0.00001862 -0.00000119]
 [ 0.00000669 -0.00004294 -0.0000786 ]
 [-0.00000134  0.00001216 -0.00001702]
 [-0.00000262  0.0000025  -0.00001744]
 [ 0.00000037  0.00000262 -0.00000179]
 [-0.00001683 -0.00000115 -0.00003944]]
2022-08-10:19:07:43,803 INFO     [psi4.driver.task_planner:266] PLANNING Atomic:  keywords={'CART_HESS_READ': 0, 'GEOM_MAXITER': 150, 'SCF__GUESS': 'READ', 'OPTKING__INTRAFRAG_STEP_LIMIT': 0.0333709716796875, 'SCF__INTS_TOLERANCE': 1e-12, 'OPTKING__OPT_COORDINATES': 'CARTESIAN', 'REFERENCE': 'UHF', 'function_kwargs': {}}
2022-08-10:19:07:43,804 INFO     [psi4.driver.driver:617] Compute gradient(): method=b3lyp, basis=6-31g**, molecule=one, nre=1477.1984766793787
2022-08-10:19:10:13,283 INFO     [psi4.driver.driver:620] Return gradient(): -1182.9406674148645
2022-08-10:19:10:13,284 INFO     [psi4.driver.driver:621] [[-0.00007012  0.00004461 -0.0000221 ]
 [ 0.00000444 -0.00001526  0.00001828]
 [ 0.0000846  -0.00009178 -0.00000398]
 [-0.00010204  0.00001075  0.00002379]
 [ 0.00008496 -0.00001029  0.00001068]
 [-0.00020543  0.0000851  -0.00002584]
 [ 0.00012493 -0.00007574  0.00001364]
 [ 0.00002517 -0.00002488  0.00000337]
 [ 0.00004757  0.00007549 -0.00009351]
 [-0.00002138 -0.00010066  0.00005927]
 [ 0.00010484  0.00012565  0.00011856]
 [-0.00006409 -0.00011761 -0.00023359]
 [-0.00006766 -0.00001582 -0.0000599 ]
 [-0.00001651 -0.00004268  0.00009551]
 [ 0.00003037  0.00002543 -0.00001541]
 [-0.00000212 -0.00000171  0.00002433]
 [ 0.00001683  0.00003542 -0.00004107]
 [ 0.00000783  0.0000357   0.00003317]
 [ 0.00002318  0.00000971  0.00002246]
 [ 0.0000251  -0.00003292  0.00003097]
 [ 0.00001823 -0.00001771 -0.00002301]
 [ 0.00000727  0.00002439  0.00001392]
 [ 0.00005221  0.00001766 -0.00000981]
 [ 0.00000246  0.00001598  0.00004329]
 [ 0.00001181 -0.00000122 -0.00000115]
 [ 0.00000677  0.00004756 -0.00002456]
 [-0.000001    0.00002741  0.00000593]
 [ 0.00000166 -0.0000452  -0.00007217]
 [-0.00000565  0.00000803 -0.00001947]
 [-0.00000245  0.00000109 -0.00001768]
 [ 0.00000279  0.0000014   0.00000252]
 [-0.00002173 -0.00000227 -0.00005179]]
2022-08-10:19:10:13,329 INFO     [psi4.driver.task_planner:266] PLANNING Atomic:  keywords={'CART_HESS_READ': 0, 'GEOM_MAXITER': 150, 'SCF__GUESS': 'READ', 'OPTKING__INTRAFRAG_STEP_LIMIT': 0.0333709716796875, 'SCF__INTS_TOLERANCE': 1e-12, 'OPTKING__OPT_COORDINATES': 'CARTESIAN', 'REFERENCE': 'UHF', 'function_kwargs': {}}
2022-08-10:19:10:13,331 INFO     [psi4.driver.driver:617] Compute gradient(): method=b3lyp, basis=6-31g**, molecule=one, nre=1477.1740886840075
2022-08-10:19:12:44,47 INFO     [psi4.driver.driver:620] Return gradient(): -1182.940670479612
2022-08-10:19:12:44,48 INFO     [psi4.driver.driver:621] [[-0.0000873   0.00005055 -0.0000265 ]
 [ 0.00000572 -0.00002195  0.0000237 ]
 [ 0.00010197 -0.0001113  -0.00000647]
 [-0.00012406  0.00000469  0.00002888]
 [ 0.00011957 -0.00000759  0.00001515]
 [-0.0002951   0.00011699 -0.00003234]
 [ 0.00016778 -0.00010362  0.00001279]
 [ 0.00003212 -0.00004161 -0.00000224]
 [ 0.00006474  0.00007968 -0.00011264]
 [-0.00005026 -0.00012875  0.0000586 ]
 [ 0.00014379  0.00016583  0.00007967]
 [-0.00006798 -0.00013795 -0.00025972]
 [-0.00006994 -0.00001502 -0.00006721]
 [-0.00003265 -0.00006895  0.00015634]
 [ 0.00003243  0.00003067 -0.00002199]
 [-0.00000908 -0.00000845  0.00003022]
 [ 0.00002901  0.00004435 -0.00004995]
 [ 0.00001291  0.00004933  0.00004954]
 [ 0.00002675  0.00001717  0.00002377]
 [ 0.00003118 -0.00003758  0.00003815]
 [ 0.00002245 -0.00002263 -0.00002807]
 [ 0.00000935  0.00003077  0.00001336]
 [ 0.00005827  0.00001917 -0.0000112 ]
 [-0.00000134  0.00001683  0.00005446]
 [ 0.00001458  0.00000141  0.00000838]
 [ 0.00001158  0.0000562  -0.00002861]
 [ 0.00000538  0.00003684  0.0000173 ]
 [-0.000009   -0.00004365 -0.00006486]
 [-0.0000086   0.00000883 -0.00001906]
 [-0.00000357  0.00000016 -0.00001773]
 [ 0.00000458  0.00000117  0.00000709]
 [-0.00003044 -0.00000113 -0.0000675 ]]
2022-08-10:19:12:44,100 INFO     [psi4.driver.task_planner:266] PLANNING Atomic:  keywords={'CART_HESS_READ': 0, 'GEOM_MAXITER': 150, 'SCF__GUESS': 'READ', 'OPTKING__INTRAFRAG_STEP_LIMIT': 0.008342742919921875, 'SCF__INTS_TOLERANCE': 1e-12, 'OPTKING__OPT_COORDINATES': 'CARTESIAN', 'REFERENCE': 'UHF', 'function_kwargs': {}}
2022-08-10:19:12:44,101 INFO     [psi4.driver.driver:617] Compute gradient(): method=b3lyp, basis=6-31g**, molecule=one, nre=1477.1465832974045
2022-08-10:19:15:06,587 INFO     [psi4.driver.driver:620] Return gradient(): -1182.9406716946269
2022-08-10:19:15:06,588 INFO     [psi4.driver.driver:621] [[-0.00000029  0.00000594 -0.00000078]
 [ 0.00000626 -0.0000082   0.00000214]
 [ 0.00001691 -0.00000955  0.0000135 ]
 [-0.00001512  0.00000892  0.00000471]
 [ 0.00008109 -0.00001532 -0.00000133]
 [-0.00007939  0.00001393 -0.00000455]
 [ 0.00003082 -0.00000011  0.00002117]
 [ 0.00001559  0.0000159   0.00000868]
 [ 0.00001623  0.0000259  -0.00001644]
 [-0.00000352 -0.00002278  0.00002285]
 [ 0.00002592 -0.00001603  0.00012549]
 [-0.00001286 -0.00005775 -0.00011362]
 [-0.0000261  -0.00002412 -0.00006387]
 [ 0.00001494  0.00002891 -0.00003851]
 [ 0.00001022  0.00001814 -0.00000555]
 [ 0.00001806  0.00000429  0.00000001]
 [-0.00000456  0.00000226 -0.00000906]
 [-0.00000328  0.00000474 -0.00000508]
 [ 0.0000097  -0.00000704  0.00001098]
 [ 0.00000727 -0.00000819  0.00000483]
 [ 0.00000829 -0.00000045 -0.00000409]
 [ 0.00000608  0.0000027   0.00001377]
 [ 0.00000879  0.00000964 -0.0000042 ]
 [ 0.00001003  0.0000153   0.00000565]
 [ 0.00000578  0.00000686 -0.00001532]
 [ 0.00000392  0.00002128 -0.00001248]
 [-0.00001477  0.00000068 -0.00001061]
 [-0.00002574 -0.00005072 -0.00006837]
 [-0.00000121  0.00000092 -0.00001541]
 [ 0.0000002   0.00000676 -0.00001736]
 [ 0.00000252  0.00000576 -0.00000994]
 [-0.00000529 -0.00000356 -0.00001558]]
2022-08-10:19:15:06,638 INFO     [psi4.driver.task_planner:266] PLANNING Atomic:  keywords={'CART_HESS_READ': 0, 'GEOM_MAXITER': 150, 'SCF__GUESS': 'READ', 'OPTKING__INTRAFRAG_STEP_LIMIT': 0.008342742919921875, 'SCF__INTS_TOLERANCE': 1e-12, 'OPTKING__OPT_COORDINATES': 'CARTESIAN', 'REFERENCE': 'UHF', 'function_kwargs': {}}
2022-08-10:19:15:06,639 INFO     [psi4.driver.driver:617] Compute gradient(): method=b3lyp, basis=6-31g**, molecule=one, nre=1477.132535871152
2022-08-10:19:17:11,179 INFO     [psi4.driver.driver:620] Return gradient(): -1182.9406725895496
2022-08-10:19:17:11,179 INFO     [psi4.driver.driver:621] [[ 0.00002316 -0.00001968  0.00000715]
 [ 0.00000019 -0.00000277  0.00000213]
 [-0.00000899  0.00001689  0.00000869]
 [ 0.00003344 -0.0000051  -0.00000147]
 [ 0.00006411  0.00000114  0.00000348]
 [-0.00005793  0.00002761  0.00002417]
 [ 0.00002461 -0.00000337  0.00001054]
 [ 0.00001586  0.00001349 -0.00000418]
 [ 0.00001442 -0.00002599  0.00000614]
 [-0.00003943  0.00001869 -0.00005107]
 [ 0.00001014 -0.0000552   0.0000063 ]
 [ 0.00003316 -0.00002109 -0.00002241]
 [ 0.00001222 -0.00000875 -0.0000668 ]
 [ 0.00000444 -0.00000463 -0.00001601]
 [-0.0000069   0.0000065   0.00000397]
 [-0.00000282  0.00000222 -0.00001729]
 [ 0.00001725 -0.0000057   0.00000207]
 [ 0.00000491  0.00000838 -0.00000544]
 [ 0.00000473 -0.00000147  0.0000057 ]
 [-0.00000141 -0.0000034  -0.00000567]
 [ 0.00000373  0.0000066   0.00000476]
 [ 0.00001082 -0.00000977  0.00001252]
 [-0.00000838  0.00001193  0.00000254]
 [ 0.00001166  0.00001736 -0.00000692]
 [ 0.00000921  0.00002371 -0.00000286]
 [ 0.00001638 -0.0000082   0.00000232]
 [-0.00000583  0.0000105   0.00000926]
 [-0.00006202 -0.00003884 -0.00005876]
 [ 0.00000035  0.0000076  -0.00000851]
 [-0.00000329  0.00000625 -0.00001644]
 [-0.00000014  0.000008   -0.00000779]
 [-0.00001104 -0.00000105 -0.00001957]]
